127.0.0.1 - - [27/Jan/2016:09:54:33 +0100] "GET / HTTP/1.1" 200 4351 0.0064
127.0.0.1 - - [27/Jan/2016:09:54:35 +0100] "GET /inbox HTTP/1.1" 200 19871 0.0135
127.0.0.1 - - [27/Jan/2016:09:54:38 +0100] "GET /outbox HTTP/1.1" 200 16049 0.0165
127.0.0.1 - - [27/Jan/2016:09:58:10 +0100] "GET /outbox HTTP/1.1" 200 16049 0.0152
127.0.0.1 - - [27/Jan/2016:09:58:10 +0100] "GET /css/bootstrap.min.css HTTP/1.1" 304 - 0.0045
127.0.0.1 - - [27/Jan/2016:09:58:10 +0100] "GET /css/main.css HTTP/1.1" 304 - 0.0080
127.0.0.1 - - [27/Jan/2016:09:58:10 +0100] "GET /css/sidebar.css HTTP/1.1" 304 - 0.0060
127.0.0.1 - - [27/Jan/2016:09:58:10 +0100] "GET /css/font-awesome.min.css HTTP/1.1" 304 - 0.0053
127.0.0.1 - - [27/Jan/2016:09:58:10 +0100] "GET /css/dataTables.bootstrap.min.css HTTP/1.1" 304 - 0.0035
127.0.0.1 - - [27/Jan/2016:09:58:10 +0100] "GET /css/dataTables.jqueryui.min.css HTTP/1.1" 304 - 0.0018
127.0.0.1 - - [27/Jan/2016:09:58:10 +0100] "GET /css/jquery.dataTables.css HTTP/1.1" 304 - 0.0033
127.0.0.1 - - [27/Jan/2016:09:58:10 +0100] "GET /css/jquery.dataTables.min.css HTTP/1.1" 304 - 0.0084
127.0.0.1 - - [27/Jan/2016:09:58:10 +0100] "GET /css/jquery.dataTables_themeroller.css HTTP/1.1" 304 - 0.0074
127.0.0.1 - - [27/Jan/2016:09:58:10 +0100] "GET /css/ispinner.css HTTP/1.1" 304 - 0.0061
127.0.0.1 - - [27/Jan/2016:09:58:10 +0100] "GET /js/vendor/jquery-1.11.2.min.js HTTP/1.1" 304 - 0.0056
127.0.0.1 - - [27/Jan/2016:09:58:10 +0100] "GET /js/vendor/bootstrap.min.js HTTP/1.1" 304 - 0.0019
127.0.0.1 - - [27/Jan/2016:09:58:10 +0100] "GET /js/vendor/dataTables.bootstrap.min.js HTTP/1.1" 304 - 0.0007
127.0.0.1 - - [27/Jan/2016:09:58:10 +0100] "GET /js/vendor/jquery.touchSwipe.min.js HTTP/1.1" 304 - 0.0023
127.0.0.1 - - [27/Jan/2016:09:58:10 +0100] "GET /js/main.js HTTP/1.1" 304 - 0.0022
127.0.0.1 - - [27/Jan/2016:09:58:10 +0100] "GET /js/vendor/jquery.dataTables.min.js HTTP/1.1" 304 - 0.0018
127.0.0.1 - - [27/Jan/2016:09:58:10 +0100] "GET /js/vendor/dataTables.jqueryui.min.js HTTP/1.1" 304 - 0.0011
127.0.0.1 - - [27/Jan/2016:09:58:11 +0100] "GET /images/sort_both.png HTTP/1.1" 304 - 0.0009
127.0.0.1 - - [27/Jan/2016:09:58:11 +0100] "GET /favicon.ico HTTP/1.1" 200 766 0.0008
127.0.0.1 - - [27/Jan/2016:10:14:31 +0100] "GET /inbox HTTP/1.1" 200 19871 0.0166
127.0.0.1 - - [27/Jan/2016:11:37:02 +0100] "GET / HTTP/1.1" 200 4351 0.0055
127.0.0.1 - - [27/Jan/2016:11:37:02 +0100] "GET /css/main.css HTTP/1.1" 304 - 0.0066
127.0.0.1 - - [27/Jan/2016:11:37:02 +0100] "GET /js/main.js HTTP/1.1" 304 - 0.0008
127.0.0.1 - - [27/Jan/2016:11:37:02 +0100] "GET /css/sidebar.css HTTP/1.1" 304 - 0.0008
127.0.0.1 - - [27/Jan/2016:11:37:03 +0100] "GET /inbox HTTP/1.1" 200 19907 0.0135
127.0.0.1 - - [27/Jan/2016:11:37:04 +0100] "GET /images/sort_both.png HTTP/1.1" 304 - 0.0008
127.0.0.1 - - [27/Jan/2016:11:37:06 +0100] "GET /inbox HTTP/1.1" 200 19907 0.0133
127.0.0.1 - - [27/Jan/2016:11:37:06 +0100] "GET /css/bootstrap.min.css HTTP/1.1" 304 - 0.0059
127.0.0.1 - - [27/Jan/2016:11:37:06 +0100] "GET /css/main.css HTTP/1.1" 304 - 0.0054
127.0.0.1 - - [27/Jan/2016:11:37:06 +0100] "GET /css/sidebar.css HTTP/1.1" 304 - 0.0046
127.0.0.1 - - [27/Jan/2016:11:37:06 +0100] "GET /css/font-awesome.min.css HTTP/1.1" 304 - 0.0040
127.0.0.1 - - [27/Jan/2016:11:37:06 +0100] "GET /css/dataTables.bootstrap.min.css HTTP/1.1" 304 - 0.0034
127.0.0.1 - - [27/Jan/2016:11:37:06 +0100] "GET /css/dataTables.jqueryui.min.css HTTP/1.1" 304 - 0.0028
127.0.0.1 - - [27/Jan/2016:11:37:06 +0100] "GET /css/jquery.dataTables_themeroller.css HTTP/1.1" 304 - 0.0015
127.0.0.1 - - [27/Jan/2016:11:37:06 +0100] "GET /css/jquery.dataTables.css HTTP/1.1" 304 - 0.0023
127.0.0.1 - - [27/Jan/2016:11:37:06 +0100] "GET /css/jquery.dataTables.min.css HTTP/1.1" 304 - 0.0030
127.0.0.1 - - [27/Jan/2016:11:37:06 +0100] "GET /js/vendor/jquery.touchSwipe.min.js HTTP/1.1" 304 - 0.0023
127.0.0.1 - - [27/Jan/2016:11:37:06 +0100] "GET /css/ispinner.css HTTP/1.1" 304 - 0.0015
127.0.0.1 - - [27/Jan/2016:11:37:06 +0100] "GET /js/vendor/jquery-1.11.2.min.js HTTP/1.1" 304 - 0.0012
127.0.0.1 - - [27/Jan/2016:11:37:06 +0100] "GET /js/vendor/bootstrap.min.js HTTP/1.1" 304 - 0.0010
127.0.0.1 - - [27/Jan/2016:11:37:06 +0100] "GET /js/vendor/jquery.dataTables.min.js HTTP/1.1" 304 - 0.0014
127.0.0.1 - - [27/Jan/2016:11:37:06 +0100] "GET /js/main.js HTTP/1.1" 304 - 0.0021
127.0.0.1 - - [27/Jan/2016:11:37:06 +0100] "GET /js/vendor/dataTables.bootstrap.min.js HTTP/1.1" 304 - 0.0014
127.0.0.1 - - [27/Jan/2016:11:37:06 +0100] "GET /js/vendor/dataTables.jqueryui.min.js HTTP/1.1" 304 - 0.0008
127.0.0.1 - - [27/Jan/2016:11:37:07 +0100] "GET /js/vendor/bootstrap.min.js HTTP/1.1" 304 - 0.0008
127.0.0.1 - - [27/Jan/2016:11:37:07 +0100] "GET /js/vendor/jquery.touchSwipe.min.js HTTP/1.1" 304 - 0.0006
127.0.0.1 - - [27/Jan/2016:11:37:07 +0100] "GET /js/vendor/jquery.dataTables.min.js HTTP/1.1" 304 - 0.0006
127.0.0.1 - - [27/Jan/2016:11:37:07 +0100] "GET /js/vendor/dataTables.bootstrap.min.js HTTP/1.1" 304 - 0.0006
127.0.0.1 - - [27/Jan/2016:11:37:07 +0100] "GET /js/vendor/dataTables.jqueryui.min.js HTTP/1.1" 304 - 0.0005
127.0.0.1 - - [27/Jan/2016:11:37:07 +0100] "GET /js/main.js HTTP/1.1" 304 - 0.0006
127.0.0.1 - - [27/Jan/2016:11:37:07 +0100] "GET /images/sort_both.png HTTP/1.1" 304 - 0.0005
127.0.0.1 - - [27/Jan/2016:11:37:07 +0100] "GET /favicon.ico HTTP/1.1" 200 766 0.0009
127.0.0.1 - - [27/Jan/2016:11:37:24 +0100] "GET /inbox HTTP/1.1" 200 19977 0.0138
127.0.0.1 - - [27/Jan/2016:11:37:24 +0100] "GET /css/bootstrap.min.css HTTP/1.1" 304 - 0.0018
127.0.0.1 - - [27/Jan/2016:11:37:24 +0100] "GET /css/sidebar.css HTTP/1.1" 304 - 0.0039
127.0.0.1 - - [27/Jan/2016:11:37:24 +0100] "GET /css/font-awesome.min.css HTTP/1.1" 304 - 0.0026
127.0.0.1 - - [27/Jan/2016:11:37:24 +0100] "GET /css/main.css HTTP/1.1" 304 - 0.0063
127.0.0.1 - - [27/Jan/2016:11:37:24 +0100] "GET /css/dataTables.bootstrap.min.css HTTP/1.1" 304 - 0.0033
127.0.0.1 - - [27/Jan/2016:11:37:24 +0100] "GET /css/dataTables.jqueryui.min.css HTTP/1.1" 304 - 0.0026
127.0.0.1 - - [27/Jan/2016:11:37:24 +0100] "GET /css/jquery.dataTables_themeroller.css HTTP/1.1" 304 - 0.0017
127.0.0.1 - - [27/Jan/2016:11:37:24 +0100] "GET /css/jquery.dataTables.css HTTP/1.1" 304 - 0.0034
127.0.0.1 - - [27/Jan/2016:11:37:24 +0100] "GET /css/jquery.dataTables.min.css HTTP/1.1" 304 - 0.0022
127.0.0.1 - - [27/Jan/2016:11:37:24 +0100] "GET /css/ispinner.css HTTP/1.1" 304 - 0.0012
127.0.0.1 - - [27/Jan/2016:11:37:24 +0100] "GET /js/vendor/jquery-1.11.2.min.js HTTP/1.1" 304 - 0.0027
127.0.0.1 - - [27/Jan/2016:11:37:24 +0100] "GET /js/vendor/bootstrap.min.js HTTP/1.1" 304 - 0.0018
127.0.0.1 - - [27/Jan/2016:11:37:24 +0100] "GET /js/vendor/jquery.touchSwipe.min.js HTTP/1.1" 304 - 0.0010
127.0.0.1 - - [27/Jan/2016:11:37:24 +0100] "GET /js/vendor/dataTables.jqueryui.min.js HTTP/1.1" 304 - 0.0022
127.0.0.1 - - [27/Jan/2016:11:37:24 +0100] "GET /js/vendor/jquery.dataTables.min.js HTTP/1.1" 304 - 0.0019
127.0.0.1 - - [27/Jan/2016:11:37:24 +0100] "GET /js/vendor/dataTables.bootstrap.min.js HTTP/1.1" 304 - 0.0015
127.0.0.1 - - [27/Jan/2016:11:37:24 +0100] "GET /js/main.js HTTP/1.1" 304 - 0.0009
127.0.0.1 - - [27/Jan/2016:11:37:25 +0100] "GET /js/vendor/bootstrap.min.js HTTP/1.1" 304 - 0.0007
127.0.0.1 - - [27/Jan/2016:11:37:25 +0100] "GET /js/vendor/jquery.dataTables.min.js HTTP/1.1" 304 - 0.0006
127.0.0.1 - - [27/Jan/2016:11:37:25 +0100] "GET /images/sort_both.png HTTP/1.1" 304 - 0.0007
127.0.0.1 - - [27/Jan/2016:11:37:25 +0100] "GET /favicon.ico HTTP/1.1" 200 766 0.0009
::1 - - [30/Jan/2016:12:12:11 +0100] "GET / HTTP/1.1" 200 4475 0.0320
::1 - - [30/Jan/2016:12:12:11 +0100] "GET /css/bootstrap.min.css HTTP/1.1" 200 113502 0.0080
::1 - - [30/Jan/2016:12:12:11 +0100] "GET /css/main.css HTTP/1.1" 200 1090 0.0080
::1 - - [30/Jan/2016:12:12:11 +0100] "GET /css/sidebar.css HTTP/1.1" 200 2876 0.0120
::1 - - [30/Jan/2016:12:12:11 +0100] "GET /css/font-awesome.min.css HTTP/1.1" 200 27470 0.0080
::1 - - [30/Jan/2016:12:12:11 +0100] "GET /css/dataTables.bootstrap.min.css HTTP/1.1" 200 4248 0.0080
::1 - - [30/Jan/2016:12:12:11 +0100] "GET /css/dataTables.jqueryui.min.css HTTP/1.1" 200 14098 0.0050
::1 - - [30/Jan/2016:12:12:11 +0100] "GET /css/jquery.dataTables_themeroller.css HTTP/1.1" 200 14645 0.0055
::1 - - [30/Jan/2016:12:12:11 +0100] "GET /css/jquery.dataTables.css HTTP/1.1" 200 15908 0.0080
::1 - - [30/Jan/2016:12:12:11 +0100] "GET /css/jquery.dataTables.min.css HTTP/1.1" 200 13616 0.0080
::1 - - [30/Jan/2016:12:12:11 +0100] "GET /css/ispinner.css HTTP/1.1" 200 3984 0.0080
::1 - - [30/Jan/2016:12:12:11 +0100] "GET /js/vendor/jquery-1.11.2.min.js HTTP/1.1" 200 95935 0.0480
::1 - - [30/Jan/2016:12:12:11 +0100] "GET /js/vendor/bootstrap.min.js HTTP/1.1" 200 35607 0.0800
::1 - - [30/Jan/2016:12:12:11 +0100] "GET /js/vendor/jquery.touchSwipe.min.js HTTP/1.1" 200 10629 0.0680
::1 - - [30/Jan/2016:12:12:11 +0100] "GET /js/main.js HTTP/1.1" 200 2433 0.0120
::1 - - [30/Jan/2016:12:12:11 +0100] "GET /js/vendor/jquery.dataTables.min.js HTTP/1.1" 200 81866 0.0520
::1 - - [30/Jan/2016:12:12:11 +0100] "GET /js/vendor/dataTables.jqueryui.min.js HTTP/1.1" 200 2656 0.0555
::1 - - [30/Jan/2016:12:12:11 +0100] "GET /js/vendor/dataTables.bootstrap.min.js HTTP/1.1" 200 2343 0.0580
::1 - - [30/Jan/2016:12:12:11 +0100] "GET /favicon.ico HTTP/1.1" 200 766 0.0035
::1 - - [30/Jan/2016:12:12:35 +0100] "GET /inbox HTTP/1.1" 200 20618 0.0520
::1 - - [30/Jan/2016:12:12:35 +0100] "GET /fonts/fontawesome-webfont.woff2?v=4.5.0 HTTP/1.1" 200 66624 0.0080
::1 - - [30/Jan/2016:12:12:35 +0100] "GET /images/sort_both.png HTTP/1.1" 200 167 0.0040
::1 - - [30/Jan/2016:12:12:38 +0100] "GET /contact HTTP/1.1" 200 16575 0.0120
::1 - - [30/Jan/2016:12:12:38 +0100] "GET /fonts/glyphicons-halflings-regular.woff HTTP/1.1" 200 23320 0.0080
::1 - - [30/Jan/2016:12:12:38 +0100] "GET /images/sort_asc.png HTTP/1.1" 200 167 0.0040
::1 - - [30/Jan/2016:12:12:40 +0100] "GET /inbox HTTP/1.1" 200 20618 0.0190
::1 - - [30/Jan/2016:12:12:41 +0100] "GET /contact HTTP/1.1" 200 16575 0.0155
::1 - - [30/Jan/2016:12:12:44 +0100] "GET /inbox HTTP/1.1" 200 20618 0.0240
::1 - - [30/Jan/2016:12:13:05 +0100] "GET /contact HTTP/1.1" 200 16575 0.0160
::1 - - [30/Jan/2016:12:13:06 +0100] "GET /inbox HTTP/1.1" 200 20618 0.0160
::1 - - [30/Jan/2016:12:13:16 +0100] "GET /contact HTTP/1.1" 200 16575 0.0160
::1 - - [30/Jan/2016:12:13:30 +0100] "GET /inbox HTTP/1.1" 200 20618 0.0115
::1 - - [30/Jan/2016:12:13:32 +0100] "GET /contact HTTP/1.1" 200 16575 0.0112
::1 - - [30/Jan/2016:12:13:36 +0100] "GET /inbox HTTP/1.1" 200 20618 0.0167
::1 - - [30/Jan/2016:12:40:57 +0100] "GET /contact HTTP/1.1" 200 16575 0.0310
::1 - - [30/Jan/2016:12:53:18 +0100] "GET /__sinatra__/500.png HTTP/1.1" 200 24378 0.0060
::1 - - [30/Jan/2016:12:54:18 +0100] "GET /__sinatra__/500.png HTTP/1.1" 304 - 0.0010
::1 - - [30/Jan/2016:12:54:18 +0100] "GET /favicon.ico HTTP/1.1" 200 766 0.0010
::1 - - [30/Jan/2016:12:55:32 +0100] "GET /__sinatra__/500.png HTTP/1.1" 304 - 0.0010
::1 - - [30/Jan/2016:12:55:32 +0100] "GET /favicon.ico HTTP/1.1" 200 766 0.0010
::1 - - [30/Jan/2016:12:55:51 +0100] "GET /__sinatra__/500.png HTTP/1.1" 304 - 0.0080
::1 - - [30/Jan/2016:12:55:51 +0100] "GET /favicon.ico HTTP/1.1" 200 766 0.0010
::1 - - [30/Jan/2016:12:56:08 +0100] "GET /__sinatra__/500.png HTTP/1.1" 304 - 0.0000
::1 - - [30/Jan/2016:12:56:08 +0100] "GET /favicon.ico HTTP/1.1" 200 766 0.0010
::1 - - [30/Jan/2016:12:56:11 +0100] "GET /__sinatra__/500.png HTTP/1.1" 304 - 0.0000
::1 - - [30/Jan/2016:12:56:11 +0100] "GET /favicon.ico HTTP/1.1" 200 766 0.0000
::1 - - [30/Jan/2016:12:58:40 +0100] "GET /__sinatra__/500.png HTTP/1.1" 304 - 0.0180
::1 - - [30/Jan/2016:12:58:40 +0100] "GET /favicon.ico HTTP/1.1" 200 766 0.0010
::1 - - [30/Jan/2016:12:59:25 +0100] "GET /contact HTTP/1.1" 200 15467 0.0276
::1 - - [30/Jan/2016:12:59:26 +0100] "GET /css/main.css HTTP/1.1" 304 - 0.0010
::1 - - [30/Jan/2016:12:59:26 +0100] "GET /css/bootstrap.min.css HTTP/1.1" 304 - 0.0010
::1 - - [30/Jan/2016:12:59:26 +0100] "GET /css/sidebar.css HTTP/1.1" 304 - 0.0005
::1 - - [30/Jan/2016:12:59:26 +0100] "GET /css/font-awesome.min.css HTTP/1.1" 304 - 0.0010
::1 - - [30/Jan/2016:12:59:26 +0100] "GET /css/jquery.dataTables_themeroller.css HTTP/1.1" 304 - 0.0010
::1 - - [30/Jan/2016:12:59:26 +0100] "GET /css/dataTables.bootstrap.min.css HTTP/1.1" 304 - 0.0010
::1 - - [30/Jan/2016:12:59:26 +0100] "GET /css/jquery.dataTables.css HTTP/1.1" 304 - 0.0010
::1 - - [30/Jan/2016:12:59:26 +0100] "GET /css/dataTables.jqueryui.min.css HTTP/1.1" 304 - 0.0000
::1 - - [30/Jan/2016:12:59:26 +0100] "GET /css/jquery.dataTables.min.css HTTP/1.1" 304 - 0.0000
::1 - - [30/Jan/2016:12:59:26 +0100] "GET /css/ispinner.css HTTP/1.1" 304 - 0.0010
::1 - - [30/Jan/2016:12:59:26 +0100] "GET /js/vendor/jquery-1.11.2.min.js HTTP/1.1" 304 - 0.0010
::1 - - [30/Jan/2016:12:59:26 +0100] "GET /js/vendor/jquery.dataTables.min.js HTTP/1.1" 304 - 0.0000
::1 - - [30/Jan/2016:12:59:26 +0100] "GET /js/vendor/dataTables.bootstrap.min.js HTTP/1.1" 304 - 0.0010
::1 - - [30/Jan/2016:12:59:26 +0100] "GET /js/vendor/jquery.touchSwipe.min.js HTTP/1.1" 304 - 0.0010
::1 - - [30/Jan/2016:12:59:26 +0100] "GET /js/vendor/dataTables.jqueryui.min.js HTTP/1.1" 304 - 0.0010
::1 - - [30/Jan/2016:12:59:26 +0100] "GET /js/vendor/bootstrap.min.js HTTP/1.1" 304 - 0.0010
::1 - - [30/Jan/2016:12:59:26 +0100] "GET /js/main.js HTTP/1.1" 304 - 0.0010
::1 - - [30/Jan/2016:12:59:26 +0100] "GET /fonts/glyphicons-halflings-regular.woff HTTP/1.1" 304 - 0.0000
::1 - - [30/Jan/2016:12:59:26 +0100] "GET /images/sort_both.png HTTP/1.1" 304 - 0.0000
::1 - - [30/Jan/2016:12:59:26 +0100] "GET /images/sort_asc.png HTTP/1.1" 304 - 0.0010
::1 - - [30/Jan/2016:12:59:26 +0100] "GET /favicon.ico HTTP/1.1" 200 766 0.0010
::1 - - [30/Jan/2016:12:59:27 +0100] "GET /contact HTTP/1.1" 200 15467 0.0235
::1 - - [30/Jan/2016:12:59:28 +0100] "GET /css/bootstrap.min.css HTTP/1.1" 304 - 0.0020
::1 - - [30/Jan/2016:12:59:28 +0100] "GET /css/dataTables.jqueryui.min.css HTTP/1.1" 304 - 0.0010
::1 - - [30/Jan/2016:12:59:28 +0100] "GET /css/sidebar.css HTTP/1.1" 304 - 0.0010
::1 - - [30/Jan/2016:12:59:28 +0100] "GET /css/dataTables.bootstrap.min.css HTTP/1.1" 304 - 0.0010
::1 - - [30/Jan/2016:12:59:28 +0100] "GET /css/main.css HTTP/1.1" 304 - 0.0000
::1 - - [30/Jan/2016:12:59:28 +0100] "GET /css/font-awesome.min.css HTTP/1.1" 304 - 0.0000
::1 - - [30/Jan/2016:12:59:28 +0100] "GET /css/jquery.dataTables_themeroller.css HTTP/1.1" 304 - 0.0000
::1 - - [30/Jan/2016:12:59:28 +0100] "GET /css/jquery.dataTables.css HTTP/1.1" 304 - 0.0010
::1 - - [30/Jan/2016:12:59:28 +0100] "GET /css/jquery.dataTables.min.css HTTP/1.1" 304 - 0.0010
::1 - - [30/Jan/2016:12:59:28 +0100] "GET /js/vendor/bootstrap.min.js HTTP/1.1" 304 - 0.0010
::1 - - [30/Jan/2016:12:59:28 +0100] "GET /css/ispinner.css HTTP/1.1" 304 - 0.0010
::1 - - [30/Jan/2016:12:59:28 +0100] "GET /js/vendor/jquery-1.11.2.min.js HTTP/1.1" 304 - 0.0010
::1 - - [30/Jan/2016:12:59:28 +0100] "GET /js/vendor/jquery.touchSwipe.min.js HTTP/1.1" 304 - 0.0020
::1 - - [30/Jan/2016:12:59:28 +0100] "GET /js/vendor/dataTables.bootstrap.min.js HTTP/1.1" 304 - 0.0010
::1 - - [30/Jan/2016:12:59:28 +0100] "GET /js/vendor/jquery.dataTables.min.js HTTP/1.1" 304 - 0.0005
::1 - - [30/Jan/2016:12:59:28 +0100] "GET /js/vendor/dataTables.jqueryui.min.js HTTP/1.1" 304 - 0.0005
::1 - - [30/Jan/2016:12:59:28 +0100] "GET /js/main.js HTTP/1.1" 304 - 0.0040
::1 - - [30/Jan/2016:12:59:28 +0100] "GET /images/sort_both.png HTTP/1.1" 304 - 0.0000
::1 - - [30/Jan/2016:12:59:28 +0100] "GET /fonts/glyphicons-halflings-regular.woff HTTP/1.1" 304 - 0.0000
::1 - - [30/Jan/2016:12:59:28 +0100] "GET /images/sort_asc.png HTTP/1.1" 304 - 0.0020
::1 - - [30/Jan/2016:12:59:28 +0100] "GET /favicon.ico HTTP/1.1" 200 766 0.0000
::1 - - [30/Jan/2016:12:59:28 +0100] "GET /contact HTTP/1.1" 200 15467 0.0226
::1 - - [30/Jan/2016:12:59:28 +0100] "GET /css/bootstrap.min.css HTTP/1.1" 304 - 0.0010
::1 - - [30/Jan/2016:12:59:28 +0100] "GET /css/dataTables.bootstrap.min.css HTTP/1.1" 304 - 0.0000
::1 - - [30/Jan/2016:12:59:28 +0100] "GET /css/sidebar.css HTTP/1.1" 304 - 0.0010
::1 - - [30/Jan/2016:12:59:28 +0100] "GET /css/main.css HTTP/1.1" 304 - 0.0010
::1 - - [30/Jan/2016:12:59:28 +0100] "GET /css/dataTables.jqueryui.min.css HTTP/1.1" 304 - 0.0010
::1 - - [30/Jan/2016:12:59:28 +0100] "GET /css/font-awesome.min.css HTTP/1.1" 304 - 0.0000
::1 - - [30/Jan/2016:12:59:28 +0100] "GET /css/jquery.dataTables_themeroller.css HTTP/1.1" 304 - 0.0005
::1 - - [30/Jan/2016:12:59:28 +0100] "GET /css/jquery.dataTables.min.css HTTP/1.1" 304 - 0.0015
::1 - - [30/Jan/2016:12:59:28 +0100] "GET /css/ispinner.css HTTP/1.1" 304 - 0.0010
::1 - - [30/Jan/2016:12:59:28 +0100] "GET /css/jquery.dataTables.css HTTP/1.1" 304 - 0.0000
::1 - - [30/Jan/2016:12:59:28 +0100] "GET /js/vendor/jquery-1.11.2.min.js HTTP/1.1" 304 - 0.0000
::1 - - [30/Jan/2016:12:59:28 +0100] "GET /js/vendor/bootstrap.min.js HTTP/1.1" 304 - 0.0010
::1 - - [30/Jan/2016:12:59:28 +0100] "GET /js/vendor/jquery.touchSwipe.min.js HTTP/1.1" 304 - 0.0010
::1 - - [30/Jan/2016:12:59:28 +0100] "GET /js/vendor/dataTables.bootstrap.min.js HTTP/1.1" 304 - 0.0010
::1 - - [30/Jan/2016:12:59:28 +0100] "GET /js/vendor/dataTables.jqueryui.min.js HTTP/1.1" 304 - 0.0000
::1 - - [30/Jan/2016:12:59:28 +0100] "GET /js/vendor/jquery.dataTables.min.js HTTP/1.1" 304 - 0.0000
::1 - - [30/Jan/2016:12:59:28 +0100] "GET /js/main.js HTTP/1.1" 304 - 0.0010
::1 - - [30/Jan/2016:12:59:28 +0100] "GET /fonts/glyphicons-halflings-regular.woff HTTP/1.1" 304 - 0.0010
::1 - - [30/Jan/2016:12:59:28 +0100] "GET /images/sort_both.png HTTP/1.1" 304 - 0.0010
::1 - - [30/Jan/2016:12:59:29 +0100] "GET /images/sort_asc.png HTTP/1.1" 304 - 0.0010
::1 - - [30/Jan/2016:12:59:29 +0100] "GET /favicon.ico HTTP/1.1" 200 766 0.0010
::1 - - [30/Jan/2016:13:01:27 +0100] "GET /contact HTTP/1.1" 200 15701 0.0170
::1 - - [30/Jan/2016:13:01:27 +0100] "GET /css/dataTables.jqueryui.min.css HTTP/1.1" 304 - 0.0010
::1 - - [30/Jan/2016:13:01:27 +0100] "GET /css/sidebar.css HTTP/1.1" 304 - 0.0000
::1 - - [30/Jan/2016:13:01:27 +0100] "GET /css/main.css HTTP/1.1" 304 - 0.0010
::1 - - [30/Jan/2016:13:01:27 +0100] "GET /css/dataTables.bootstrap.min.css HTTP/1.1" 304 - 0.0000
::1 - - [30/Jan/2016:13:01:27 +0100] "GET /css/font-awesome.min.css HTTP/1.1" 304 - 0.0000
::1 - - [30/Jan/2016:13:01:27 +0100] "GET /css/bootstrap.min.css HTTP/1.1" 304 - 0.0010
::1 - - [30/Jan/2016:13:01:27 +0100] "GET /css/jquery.dataTables_themeroller.css HTTP/1.1" 304 - 0.0010
::1 - - [30/Jan/2016:13:01:27 +0100] "GET /css/jquery.dataTables.css HTTP/1.1" 304 - 0.0010
::1 - - [30/Jan/2016:13:01:27 +0100] "GET /css/jquery.dataTables.min.css HTTP/1.1" 304 - 0.0000
::1 - - [30/Jan/2016:13:01:27 +0100] "GET /css/ispinner.css HTTP/1.1" 304 - 0.0000
::1 - - [30/Jan/2016:13:01:27 +0100] "GET /js/vendor/jquery-1.11.2.min.js HTTP/1.1" 304 - 0.0070
::1 - - [30/Jan/2016:13:01:27 +0100] "GET /js/vendor/bootstrap.min.js HTTP/1.1" 304 - 0.0010
::1 - - [30/Jan/2016:13:01:27 +0100] "GET /js/vendor/jquery.touchSwipe.min.js HTTP/1.1" 304 - 0.0005
::1 - - [30/Jan/2016:13:01:27 +0100] "GET /js/vendor/dataTables.jqueryui.min.js HTTP/1.1" 304 - 0.0000
::1 - - [30/Jan/2016:13:01:27 +0100] "GET /js/vendor/jquery.dataTables.min.js HTTP/1.1" 304 - 0.0020
::1 - - [30/Jan/2016:13:01:27 +0100] "GET /js/main.js HTTP/1.1" 304 - 0.0010
::1 - - [30/Jan/2016:13:01:27 +0100] "GET /js/vendor/dataTables.bootstrap.min.js HTTP/1.1" 304 - 0.0010
::1 - - [30/Jan/2016:13:01:27 +0100] "GET /favicon.ico HTTP/1.1" 200 766 0.0010
::1 - - [30/Jan/2016:13:02:39 +0100] "GET /contact HTTP/1.1" 200 15735 0.0235
::1 - - [30/Jan/2016:13:02:39 +0100] "GET /css/sidebar.css HTTP/1.1" 304 - 0.0010
::1 - - [30/Jan/2016:13:02:39 +0100] "GET /css/bootstrap.min.css HTTP/1.1" 304 - 0.0010
::1 - - [30/Jan/2016:13:02:39 +0100] "GET /css/font-awesome.min.css HTTP/1.1" 304 - 0.0010
::1 - - [30/Jan/2016:13:02:39 +0100] "GET /css/dataTables.bootstrap.min.css HTTP/1.1" 304 - 0.0000
::1 - - [30/Jan/2016:13:02:39 +0100] "GET /css/main.css HTTP/1.1" 200 1145 0.0100
::1 - - [30/Jan/2016:13:02:39 +0100] "GET /css/dataTables.jqueryui.min.css HTTP/1.1" 304 - 0.0070
::1 - - [30/Jan/2016:13:02:39 +0100] "GET /css/jquery.dataTables_themeroller.css HTTP/1.1" 304 - 0.0010
::1 - - [30/Jan/2016:13:02:39 +0100] "GET /css/jquery.dataTables.css HTTP/1.1" 304 - 0.0010
::1 - - [30/Jan/2016:13:02:39 +0100] "GET /css/ispinner.css HTTP/1.1" 304 - 0.0000
::1 - - [30/Jan/2016:13:02:39 +0100] "GET /css/jquery.dataTables.min.css HTTP/1.1" 304 - 0.0000
::1 - - [30/Jan/2016:13:02:39 +0100] "GET /js/vendor/jquery-1.11.2.min.js HTTP/1.1" 304 - 0.0000
::1 - - [30/Jan/2016:13:02:39 +0100] "GET /js/vendor/bootstrap.min.js HTTP/1.1" 304 - 0.0010
::1 - - [30/Jan/2016:13:02:39 +0100] "GET /js/vendor/jquery.dataTables.min.js HTTP/1.1" 304 - 0.0010
::1 - - [30/Jan/2016:13:02:39 +0100] "GET /js/vendor/jquery.touchSwipe.min.js HTTP/1.1" 304 - 0.0010
::1 - - [30/Jan/2016:13:02:39 +0100] "GET /js/vendor/dataTables.jqueryui.min.js HTTP/1.1" 304 - 0.0010
::1 - - [30/Jan/2016:13:02:39 +0100] "GET /js/vendor/dataTables.bootstrap.min.js HTTP/1.1" 304 - 0.0010
::1 - - [30/Jan/2016:13:02:39 +0100] "GET /js/main.js HTTP/1.1" 304 - 0.0010
::1 - - [30/Jan/2016:13:02:39 +0100] "GET /favicon.ico HTTP/1.1" 200 766 0.0010
::1 - - [30/Jan/2016:13:03:25 +0100] "GET /contact HTTP/1.1" 200 15827 0.0220
::1 - - [30/Jan/2016:13:03:25 +0100] "GET /css/bootstrap.min.css HTTP/1.1" 304 - 0.0020
::1 - - [30/Jan/2016:13:03:25 +0100] "GET /css/dataTables.bootstrap.min.css HTTP/1.1" 304 - 0.0010
::1 - - [30/Jan/2016:13:03:25 +0100] "GET /css/sidebar.css HTTP/1.1" 304 - 0.0010
::1 - - [30/Jan/2016:13:03:25 +0100] "GET /css/dataTables.jqueryui.min.css HTTP/1.1" 304 - 0.0010
::1 - - [30/Jan/2016:13:03:25 +0100] "GET /css/font-awesome.min.css HTTP/1.1" 304 - 0.0010
::1 - - [30/Jan/2016:13:03:25 +0100] "GET /css/main.css HTTP/1.1" 304 - 0.0010
::1 - - [30/Jan/2016:13:03:25 +0100] "GET /css/jquery.dataTables_themeroller.css HTTP/1.1" 304 - 0.0010
::1 - - [30/Jan/2016:13:03:25 +0100] "GET /css/jquery.dataTables.css HTTP/1.1" 304 - 0.0010
::1 - - [30/Jan/2016:13:03:25 +0100] "GET /js/vendor/jquery-1.11.2.min.js HTTP/1.1" 304 - 0.0000
::1 - - [30/Jan/2016:13:03:25 +0100] "GET /js/vendor/bootstrap.min.js HTTP/1.1" 304 - 0.0010
::1 - - [30/Jan/2016:13:03:25 +0100] "GET /css/jquery.dataTables.min.css HTTP/1.1" 304 - 0.0010
::1 - - [30/Jan/2016:13:03:25 +0100] "GET /css/ispinner.css HTTP/1.1" 304 - 0.0000
::1 - - [30/Jan/2016:13:03:25 +0100] "GET /js/vendor/jquery.touchSwipe.min.js HTTP/1.1" 304 - 0.0010
::1 - - [30/Jan/2016:13:03:25 +0100] "GET /js/vendor/jquery.dataTables.min.js HTTP/1.1" 304 - 0.0000
::1 - - [30/Jan/2016:13:03:25 +0100] "GET /js/main.js HTTP/1.1" 304 - 0.0010
::1 - - [30/Jan/2016:13:03:25 +0100] "GET /js/vendor/dataTables.jqueryui.min.js HTTP/1.1" 304 - 0.0000
::1 - - [30/Jan/2016:13:03:25 +0100] "GET /js/vendor/dataTables.bootstrap.min.js HTTP/1.1" 304 - 0.0000
::1 - - [30/Jan/2016:13:03:25 +0100] "GET /images/sort_both.png HTTP/1.1" 304 - 0.0010
::1 - - [30/Jan/2016:13:03:25 +0100] "GET /fonts/glyphicons-halflings-regular.woff HTTP/1.1" 304 - 0.0010
::1 - - [30/Jan/2016:13:03:25 +0100] "GET /images/sort_asc.png HTTP/1.1" 304 - 0.0020
::1 - - [30/Jan/2016:13:03:25 +0100] "GET /favicon.ico HTTP/1.1" 200 766 0.0010
::1 - - [30/Jan/2016:13:03:36 +0100] "GET /contact HTTP/1.1" 200 15795 0.0250
::1 - - [30/Jan/2016:13:03:36 +0100] "GET /css/dataTables.bootstrap.min.css HTTP/1.1" 304 - 0.0010
::1 - - [30/Jan/2016:13:03:36 +0100] "GET /css/font-awesome.min.css HTTP/1.1" 304 - 0.0010
::1 - - [30/Jan/2016:13:03:36 +0100] "GET /css/dataTables.jqueryui.min.css HTTP/1.1" 304 - 0.0010
::1 - - [30/Jan/2016:13:03:36 +0100] "GET /css/sidebar.css HTTP/1.1" 304 - 0.0010
::1 - - [30/Jan/2016:13:03:36 +0100] "GET /css/main.css HTTP/1.1" 304 - 0.0000
::1 - - [30/Jan/2016:13:03:36 +0100] "GET /css/bootstrap.min.css HTTP/1.1" 304 - 0.0070
::1 - - [30/Jan/2016:13:03:36 +0100] "GET /css/jquery.dataTables_themeroller.css HTTP/1.1" 304 - 0.0010
::1 - - [30/Jan/2016:13:03:36 +0100] "GET /css/jquery.dataTables.css HTTP/1.1" 304 - 0.0005
::1 - - [30/Jan/2016:13:03:36 +0100] "GET /css/ispinner.css HTTP/1.1" 304 - 0.0010
::1 - - [30/Jan/2016:13:03:36 +0100] "GET /js/vendor/bootstrap.min.js HTTP/1.1" 304 - 0.0000
::1 - - [30/Jan/2016:13:03:36 +0100] "GET /css/jquery.dataTables.min.css HTTP/1.1" 304 - 0.0000
::1 - - [30/Jan/2016:13:03:36 +0100] "GET /js/vendor/jquery-1.11.2.min.js HTTP/1.1" 304 - 0.0000
::1 - - [30/Jan/2016:13:03:36 +0100] "GET /js/vendor/jquery.touchSwipe.min.js HTTP/1.1" 304 - 0.0010
::1 - - [30/Jan/2016:13:03:36 +0100] "GET /js/vendor/jquery.dataTables.min.js HTTP/1.1" 304 - 0.0010
::1 - - [30/Jan/2016:13:03:36 +0100] "GET /js/main.js HTTP/1.1" 304 - 0.0000
::1 - - [30/Jan/2016:13:03:36 +0100] "GET /js/vendor/dataTables.jqueryui.min.js HTTP/1.1" 304 - 0.0000
::1 - - [30/Jan/2016:13:03:36 +0100] "GET /js/vendor/dataTables.bootstrap.min.js HTTP/1.1" 304 - 0.0000
::1 - - [30/Jan/2016:13:03:36 +0100] "GET /fonts/glyphicons-halflings-regular.woff HTTP/1.1" 304 - 0.0010
::1 - - [30/Jan/2016:13:03:36 +0100] "GET /images/sort_both.png HTTP/1.1" 304 - 0.0010
::1 - - [30/Jan/2016:13:03:36 +0100] "GET /images/sort_asc.png HTTP/1.1" 304 - 0.0010
::1 - - [30/Jan/2016:13:03:36 +0100] "GET /favicon.ico HTTP/1.1" 200 766 0.0010
::1 - - [30/Jan/2016:13:04:08 +0100] "GET /contact HTTP/1.1" 200 15762 0.0170
::1 - - [30/Jan/2016:13:04:08 +0100] "GET /css/bootstrap.min.css HTTP/1.1" 304 - 0.0010
::1 - - [30/Jan/2016:13:04:08 +0100] "GET /css/sidebar.css HTTP/1.1" 304 - 0.0010
::1 - - [30/Jan/2016:13:04:08 +0100] "GET /css/main.css HTTP/1.1" 304 - 0.0000
::1 - - [30/Jan/2016:13:04:08 +0100] "GET /css/jquery.dataTables_themeroller.css HTTP/1.1" 304 - 0.0010
::1 - - [30/Jan/2016:13:04:08 +0100] "GET /css/jquery.dataTables.css HTTP/1.1" 304 - 0.0010
::1 - - [30/Jan/2016:13:04:08 +0100] "GET /css/dataTables.bootstrap.min.css HTTP/1.1" 304 - 0.0010
::1 - - [30/Jan/2016:13:04:08 +0100] "GET /css/font-awesome.min.css HTTP/1.1" 304 - 0.0000
::1 - - [30/Jan/2016:13:04:08 +0100] "GET /css/jquery.dataTables.min.css HTTP/1.1" 304 - 0.0000
::1 - - [30/Jan/2016:13:04:08 +0100] "GET /css/ispinner.css HTTP/1.1" 304 - 0.0010
::1 - - [30/Jan/2016:13:04:08 +0100] "GET /css/dataTables.jqueryui.min.css HTTP/1.1" 304 - 0.0010
::1 - - [30/Jan/2016:13:04:08 +0100] "GET /js/vendor/jquery-1.11.2.min.js HTTP/1.1" 304 - 0.0005
::1 - - [30/Jan/2016:13:04:08 +0100] "GET /js/vendor/jquery.touchSwipe.min.js HTTP/1.1" 304 - 0.0005
::1 - - [30/Jan/2016:13:04:08 +0100] "GET /js/vendor/bootstrap.min.js HTTP/1.1" 304 - 0.0010
::1 - - [30/Jan/2016:13:04:08 +0100] "GET /js/vendor/jquery.dataTables.min.js HTTP/1.1" 304 - 0.0005
::1 - - [30/Jan/2016:13:04:08 +0100] "GET /js/vendor/dataTables.bootstrap.min.js HTTP/1.1" 304 - 0.0010
::1 - - [30/Jan/2016:13:04:08 +0100] "GET /js/vendor/dataTables.jqueryui.min.js HTTP/1.1" 304 - 0.0010
::1 - - [30/Jan/2016:13:04:08 +0100] "GET /js/main.js HTTP/1.1" 304 - 0.0010
::1 - - [30/Jan/2016:13:04:09 +0100] "GET /fonts/glyphicons-halflings-regular.woff HTTP/1.1" 304 - 0.0000
::1 - - [30/Jan/2016:13:04:09 +0100] "GET /images/sort_both.png HTTP/1.1" 304 - 0.0005
::1 - - [30/Jan/2016:13:04:09 +0100] "GET /images/sort_asc.png HTTP/1.1" 304 - 0.0010
::1 - - [30/Jan/2016:13:04:09 +0100] "GET /favicon.ico HTTP/1.1" 200 766 0.0010
::1 - - [30/Jan/2016:13:04:38 +0100] "GET /contact HTTP/1.1" 200 15796 0.0225
::1 - - [30/Jan/2016:13:04:38 +0100] "GET /css/main.css HTTP/1.1" 200 1152 0.0020
::1 - - [30/Jan/2016:13:04:38 +0100] "GET /css/bootstrap.min.css HTTP/1.1" 304 - 0.0010
::1 - - [30/Jan/2016:13:04:38 +0100] "GET /css/dataTables.jqueryui.min.css HTTP/1.1" 304 - 0.0005
::1 - - [30/Jan/2016:13:04:38 +0100] "GET /css/sidebar.css HTTP/1.1" 304 - 0.0010
::1 - - [30/Jan/2016:13:04:38 +0100] "GET /css/font-awesome.min.css HTTP/1.1" 304 - 0.0010
::1 - - [30/Jan/2016:13:04:38 +0100] "GET /css/jquery.dataTables_themeroller.css HTTP/1.1" 304 - 0.0000
::1 - - [30/Jan/2016:13:04:38 +0100] "GET /css/dataTables.bootstrap.min.css HTTP/1.1" 304 - 0.0000
::1 - - [30/Jan/2016:13:04:38 +0100] "GET /css/jquery.dataTables.css HTTP/1.1" 304 - 0.0000
::1 - - [30/Jan/2016:13:04:38 +0100] "GET /css/ispinner.css HTTP/1.1" 304 - 0.0010
::1 - - [30/Jan/2016:13:04:38 +0100] "GET /js/vendor/jquery-1.11.2.min.js HTTP/1.1" 304 - 0.0010
::1 - - [30/Jan/2016:13:04:38 +0100] "GET /js/vendor/bootstrap.min.js HTTP/1.1" 304 - 0.0000
::1 - - [30/Jan/2016:13:04:38 +0100] "GET /css/jquery.dataTables.min.css HTTP/1.1" 304 - 0.0010
::1 - - [30/Jan/2016:13:04:38 +0100] "GET /js/vendor/jquery.touchSwipe.min.js HTTP/1.1" 304 - 0.0010
::1 - - [30/Jan/2016:13:04:38 +0100] "GET /js/vendor/jquery.dataTables.min.js HTTP/1.1" 304 - 0.0000
::1 - - [30/Jan/2016:13:04:38 +0100] "GET /js/vendor/dataTables.jqueryui.min.js HTTP/1.1" 304 - 0.0000
::1 - - [30/Jan/2016:13:04:38 +0100] "GET /js/vendor/dataTables.bootstrap.min.js HTTP/1.1" 304 - 0.0010
::1 - - [30/Jan/2016:13:04:38 +0100] "GET /js/main.js HTTP/1.1" 304 - 0.0010
::1 - - [30/Jan/2016:13:04:38 +0100] "GET /fonts/glyphicons-halflings-regular.woff HTTP/1.1" 304 - 0.0000
::1 - - [30/Jan/2016:13:04:38 +0100] "GET /images/sort_both.png HTTP/1.1" 304 - 0.0010
::1 - - [30/Jan/2016:13:04:38 +0100] "GET /images/sort_asc.png HTTP/1.1" 304 - 0.0020
::1 - - [30/Jan/2016:13:04:38 +0100] "GET /favicon.ico HTTP/1.1" 200 766 0.0010
::1 - - [30/Jan/2016:13:04:51 +0100] "GET /contact HTTP/1.1" 200 15796 0.0200
::1 - - [30/Jan/2016:13:04:51 +0100] "GET /css/bootstrap.min.css HTTP/1.1" 304 - 0.0005
::1 - - [30/Jan/2016:13:04:51 +0100] "GET /css/dataTables.jqueryui.min.css HTTP/1.1" 304 - 0.0010
::1 - - [30/Jan/2016:13:04:51 +0100] "GET /css/font-awesome.min.css HTTP/1.1" 304 - 0.0010
::1 - - [30/Jan/2016:13:04:51 +0100] "GET /css/dataTables.bootstrap.min.css HTTP/1.1" 304 - 0.0010
::1 - - [30/Jan/2016:13:04:51 +0100] "GET /css/sidebar.css HTTP/1.1" 304 - 0.0010
::1 - - [30/Jan/2016:13:04:51 +0100] "GET /css/jquery.dataTables_themeroller.css HTTP/1.1" 304 - 0.0010
::1 - - [30/Jan/2016:13:04:51 +0100] "GET /css/main.css HTTP/1.1" 200 1152 0.0060
::1 - - [30/Jan/2016:13:04:51 +0100] "GET /css/jquery.dataTables.min.css HTTP/1.1" 304 - 0.0010
::1 - - [30/Jan/2016:13:04:51 +0100] "GET /js/vendor/jquery-1.11.2.min.js HTTP/1.1" 304 - 0.0000
::1 - - [30/Jan/2016:13:04:51 +0100] "GET /css/jquery.dataTables.css HTTP/1.1" 304 - 0.0000
::1 - - [30/Jan/2016:13:04:51 +0100] "GET /css/ispinner.css HTTP/1.1" 304 - 0.0040
::1 - - [30/Jan/2016:13:04:51 +0100] "GET /js/vendor/bootstrap.min.js HTTP/1.1" 304 - 0.0000
::1 - - [30/Jan/2016:13:04:51 +0100] "GET /js/vendor/jquery.touchSwipe.min.js HTTP/1.1" 304 - 0.0010
::1 - - [30/Jan/2016:13:04:51 +0100] "GET /js/vendor/jquery.dataTables.min.js HTTP/1.1" 304 - 0.0000
::1 - - [30/Jan/2016:13:04:51 +0100] "GET /js/vendor/dataTables.bootstrap.min.js HTTP/1.1" 304 - 0.0000
::1 - - [30/Jan/2016:13:04:51 +0100] "GET /js/vendor/dataTables.jqueryui.min.js HTTP/1.1" 304 - 0.0010
::1 - - [30/Jan/2016:13:04:51 +0100] "GET /js/main.js HTTP/1.1" 304 - 0.0005
::1 - - [30/Jan/2016:13:04:51 +0100] "GET /images/sort_both.png HTTP/1.1" 304 - 0.0010
::1 - - [30/Jan/2016:13:04:51 +0100] "GET /fonts/glyphicons-halflings-regular.woff HTTP/1.1" 304 - 0.0000
::1 - - [30/Jan/2016:13:04:51 +0100] "GET /images/sort_asc.png HTTP/1.1" 304 - 0.0020
::1 - - [30/Jan/2016:13:04:51 +0100] "GET /favicon.ico HTTP/1.1" 200 766 0.0000
::1 - - [30/Jan/2016:13:05:26 +0100] "GET /contact HTTP/1.1" 200 15796 0.0200
::1 - - [30/Jan/2016:13:05:26 +0100] "GET /css/bootstrap.min.css HTTP/1.1" 304 - 0.0010
::1 - - [30/Jan/2016:13:05:26 +0100] "GET /css/sidebar.css HTTP/1.1" 304 - 0.0010
::1 - - [30/Jan/2016:13:05:26 +0100] "GET /css/main.css HTTP/1.1" 200 1165 0.0040
::1 - - [30/Jan/2016:13:05:26 +0100] "GET /css/jquery.dataTables_themeroller.css HTTP/1.1" 304 - 0.0000
::1 - - [30/Jan/2016:13:05:26 +0100] "GET /css/font-awesome.min.css HTTP/1.1" 304 - 0.0010
::1 - - [30/Jan/2016:13:05:26 +0100] "GET /css/dataTables.bootstrap.min.css HTTP/1.1" 304 - 0.0010
::1 - - [30/Jan/2016:13:05:26 +0100] "GET /css/dataTables.jqueryui.min.css HTTP/1.1" 304 - 0.0010
::1 - - [30/Jan/2016:13:05:26 +0100] "GET /css/jquery.dataTables.css HTTP/1.1" 304 - 0.0005
::1 - - [30/Jan/2016:13:05:26 +0100] "GET /css/jquery.dataTables.min.css HTTP/1.1" 304 - 0.0005
::1 - - [30/Jan/2016:13:05:26 +0100] "GET /js/vendor/jquery.touchSwipe.min.js HTTP/1.1" 304 - 0.0010
::1 - - [30/Jan/2016:13:05:26 +0100] "GET /css/ispinner.css HTTP/1.1" 304 - 0.0010
::1 - - [30/Jan/2016:13:05:26 +0100] "GET /js/vendor/jquery-1.11.2.min.js HTTP/1.1" 304 - 0.0000
::1 - - [30/Jan/2016:13:05:26 +0100] "GET /js/vendor/bootstrap.min.js HTTP/1.1" 304 - 0.0010
::1 - - [30/Jan/2016:13:05:26 +0100] "GET /js/vendor/jquery.dataTables.min.js HTTP/1.1" 304 - 0.0010
::1 - - [30/Jan/2016:13:05:26 +0100] "GET /js/vendor/dataTables.bootstrap.min.js HTTP/1.1" 304 - 0.0010
::1 - - [30/Jan/2016:13:05:26 +0100] "GET /js/vendor/dataTables.jqueryui.min.js HTTP/1.1" 304 - 0.0010
::1 - - [30/Jan/2016:13:05:26 +0100] "GET /js/main.js HTTP/1.1" 304 - 0.0060
::1 - - [30/Jan/2016:13:05:26 +0100] "GET /fonts/glyphicons-halflings-regular.woff HTTP/1.1" 304 - 0.0000
::1 - - [30/Jan/2016:13:05:26 +0100] "GET /images/sort_both.png HTTP/1.1" 304 - 0.0000
::1 - - [30/Jan/2016:13:05:26 +0100] "GET /images/sort_asc.png HTTP/1.1" 304 - 0.0010
::1 - - [30/Jan/2016:13:05:26 +0100] "GET /favicon.ico HTTP/1.1" 200 766 0.0010
::1 - - [30/Jan/2016:13:05:33 +0100] "GET /contact HTTP/1.1" 200 15796 0.0210
::1 - - [30/Jan/2016:13:05:33 +0100] "GET /css/main.css HTTP/1.1" 200 1164 0.0010
::1 - - [30/Jan/2016:13:05:33 +0100] "GET /css/bootstrap.min.css HTTP/1.1" 304 - 0.0010
::1 - - [30/Jan/2016:13:05:33 +0100] "GET /css/sidebar.css HTTP/1.1" 304 - 0.0000
::1 - - [30/Jan/2016:13:05:33 +0100] "GET /css/font-awesome.min.css HTTP/1.1" 304 - 0.0010
::1 - - [30/Jan/2016:13:05:33 +0100] "GET /css/dataTables.jqueryui.min.css HTTP/1.1" 304 - 0.0000
::1 - - [30/Jan/2016:13:05:33 +0100] "GET /css/dataTables.bootstrap.min.css HTTP/1.1" 304 - 0.0010
::1 - - [30/Jan/2016:13:05:33 +0100] "GET /css/jquery.dataTables_themeroller.css HTTP/1.1" 304 - 0.0010
::1 - - [30/Jan/2016:13:05:33 +0100] "GET /css/jquery.dataTables.css HTTP/1.1" 304 - 0.0000
::1 - - [30/Jan/2016:13:05:33 +0100] "GET /css/jquery.dataTables.min.css HTTP/1.1" 304 - 0.0010
::1 - - [30/Jan/2016:13:05:33 +0100] "GET /js/vendor/jquery-1.11.2.min.js HTTP/1.1" 304 - 0.0000
::1 - - [30/Jan/2016:13:05:33 +0100] "GET /css/ispinner.css HTTP/1.1" 304 - 0.0010
::1 - - [30/Jan/2016:13:05:33 +0100] "GET /js/vendor/bootstrap.min.js HTTP/1.1" 304 - 0.0000
::1 - - [30/Jan/2016:13:05:33 +0100] "GET /js/vendor/jquery.touchSwipe.min.js HTTP/1.1" 304 - 0.0010
::1 - - [30/Jan/2016:13:05:33 +0100] "GET /js/vendor/jquery.dataTables.min.js HTTP/1.1" 304 - 0.0020
::1 - - [30/Jan/2016:13:05:33 +0100] "GET /js/vendor/dataTables.bootstrap.min.js HTTP/1.1" 304 - 0.0010
::1 - - [30/Jan/2016:13:05:33 +0100] "GET /js/main.js HTTP/1.1" 304 - 0.0005
::1 - - [30/Jan/2016:13:05:33 +0100] "GET /js/vendor/dataTables.jqueryui.min.js HTTP/1.1" 304 - 0.0005
::1 - - [30/Jan/2016:13:05:33 +0100] "GET /fonts/glyphicons-halflings-regular.woff HTTP/1.1" 304 - 0.0010
::1 - - [30/Jan/2016:13:05:33 +0100] "GET /images/sort_both.png HTTP/1.1" 304 - 0.0010
::1 - - [30/Jan/2016:13:05:33 +0100] "GET /images/sort_asc.png HTTP/1.1" 304 - 0.0010
::1 - - [30/Jan/2016:13:05:33 +0100] "GET /favicon.ico HTTP/1.1" 200 766 0.0010
::1 - - [30/Jan/2016:13:06:07 +0100] "GET /contact HTTP/1.1" 200 15778 0.0210
::1 - - [30/Jan/2016:13:06:07 +0100] "GET /css/bootstrap.min.css HTTP/1.1" 304 - 0.0010
::1 - - [30/Jan/2016:13:06:07 +0100] "GET /css/main.css HTTP/1.1" 200 1158 0.0020
::1 - - [30/Jan/2016:13:06:07 +0100] "GET /css/font-awesome.min.css HTTP/1.1" 304 - 0.0010
::1 - - [30/Jan/2016:13:06:07 +0100] "GET /css/dataTables.bootstrap.min.css HTTP/1.1" 304 - 0.0010
::1 - - [30/Jan/2016:13:06:07 +0100] "GET /css/dataTables.jqueryui.min.css HTTP/1.1" 304 - 0.0000
::1 - - [30/Jan/2016:13:06:07 +0100] "GET /css/sidebar.css HTTP/1.1" 304 - 0.0000
::1 - - [30/Jan/2016:13:06:07 +0100] "GET /css/jquery.dataTables_themeroller.css HTTP/1.1" 304 - 0.0010
::1 - - [30/Jan/2016:13:06:07 +0100] "GET /css/jquery.dataTables.min.css HTTP/1.1" 304 - 0.0010
::1 - - [30/Jan/2016:13:06:07 +0100] "GET /css/jquery.dataTables.css HTTP/1.1" 304 - 0.0000
::1 - - [30/Jan/2016:13:06:07 +0100] "GET /css/ispinner.css HTTP/1.1" 304 - 0.0000
::1 - - [30/Jan/2016:13:06:07 +0100] "GET /js/vendor/jquery-1.11.2.min.js HTTP/1.1" 304 - 0.0010
::1 - - [30/Jan/2016:13:06:07 +0100] "GET /js/vendor/jquery.touchSwipe.min.js HTTP/1.1" 304 - 0.0010
::1 - - [30/Jan/2016:13:06:07 +0100] "GET /js/vendor/bootstrap.min.js HTTP/1.1" 304 - 0.0000
::1 - - [30/Jan/2016:13:06:07 +0100] "GET /js/vendor/jquery.dataTables.min.js HTTP/1.1" 304 - 0.0010
::1 - - [30/Jan/2016:13:06:07 +0100] "GET /js/vendor/dataTables.jqueryui.min.js HTTP/1.1" 304 - 0.0005
::1 - - [30/Jan/2016:13:06:07 +0100] "GET /js/vendor/dataTables.bootstrap.min.js HTTP/1.1" 304 - 0.0005
::1 - - [30/Jan/2016:13:06:07 +0100] "GET /js/main.js HTTP/1.1" 304 - 0.0010
::1 - - [30/Jan/2016:13:06:08 +0100] "GET /images/sort_both.png HTTP/1.1" 304 - 0.0000
::1 - - [30/Jan/2016:13:06:08 +0100] "GET /fonts/glyphicons-halflings-regular.woff HTTP/1.1" 304 - 0.0000
::1 - - [30/Jan/2016:13:06:08 +0100] "GET /images/sort_asc.png HTTP/1.1" 304 - 0.0010
::1 - - [30/Jan/2016:13:06:08 +0100] "GET /favicon.ico HTTP/1.1" 200 766 0.0010
::1 - - [30/Jan/2016:13:06:16 +0100] "GET /contact HTTP/1.1" 200 15778 0.0239
::1 - - [30/Jan/2016:13:06:16 +0100] "GET /css/font-awesome.min.css HTTP/1.1" 304 - 0.0010
::1 - - [30/Jan/2016:13:06:16 +0100] "GET /css/dataTables.bootstrap.min.css HTTP/1.1" 304 - 0.0000
::1 - - [30/Jan/2016:13:06:16 +0100] "GET /css/bootstrap.min.css HTTP/1.1" 304 - 0.0010
::1 - - [30/Jan/2016:13:06:16 +0100] "GET /css/dataTables.jqueryui.min.css HTTP/1.1" 304 - 0.0010
::1 - - [30/Jan/2016:13:06:16 +0100] "GET /css/sidebar.css HTTP/1.1" 304 - 0.0010
::1 - - [30/Jan/2016:13:06:16 +0100] "GET /css/main.css HTTP/1.1" 200 1159 0.0030
::1 - - [30/Jan/2016:13:06:16 +0100] "GET /css/jquery.dataTables.min.css HTTP/1.1" 304 - 0.0010
::1 - - [30/Jan/2016:13:06:16 +0100] "GET /css/jquery.dataTables_themeroller.css HTTP/1.1" 304 - 0.0000
::1 - - [30/Jan/2016:13:06:16 +0100] "GET /css/jquery.dataTables.css HTTP/1.1" 304 - 0.0000
::1 - - [30/Jan/2016:13:06:16 +0100] "GET /css/ispinner.css HTTP/1.1" 304 - 0.0010
::1 - - [30/Jan/2016:13:06:16 +0100] "GET /js/vendor/jquery-1.11.2.min.js HTTP/1.1" 304 - 0.0000
::1 - - [30/Jan/2016:13:06:16 +0100] "GET /js/vendor/bootstrap.min.js HTTP/1.1" 304 - 0.0010
::1 - - [30/Jan/2016:13:06:16 +0100] "GET /js/vendor/jquery.dataTables.min.js HTTP/1.1" 304 - 0.0000
::1 - - [30/Jan/2016:13:06:16 +0100] "GET /js/vendor/jquery.touchSwipe.min.js HTTP/1.1" 304 - 0.0010
::1 - - [30/Jan/2016:13:06:16 +0100] "GET /js/vendor/dataTables.bootstrap.min.js HTTP/1.1" 304 - 0.0010
::1 - - [30/Jan/2016:13:06:16 +0100] "GET /js/main.js HTTP/1.1" 304 - 0.0010
::1 - - [30/Jan/2016:13:06:16 +0100] "GET /js/vendor/dataTables.jqueryui.min.js HTTP/1.1" 304 - 0.0010
::1 - - [30/Jan/2016:13:06:16 +0100] "GET /images/sort_both.png HTTP/1.1" 304 - 0.0000
::1 - - [30/Jan/2016:13:06:16 +0100] "GET /fonts/glyphicons-halflings-regular.woff HTTP/1.1" 304 - 0.0010
::1 - - [30/Jan/2016:13:06:16 +0100] "GET /images/sort_asc.png HTTP/1.1" 304 - 0.0010
::1 - - [30/Jan/2016:13:06:16 +0100] "GET /favicon.ico HTTP/1.1" 200 766 0.0000
::1 - - [30/Jan/2016:13:06:26 +0100] "GET /contact HTTP/1.1" 200 15778 0.0230
::1 - - [30/Jan/2016:13:06:26 +0100] "GET /css/bootstrap.min.css HTTP/1.1" 304 - 0.0010
::1 - - [30/Jan/2016:13:06:26 +0100] "GET /css/dataTables.bootstrap.min.css HTTP/1.1" 304 - 0.0010
::1 - - [30/Jan/2016:13:06:26 +0100] "GET /css/font-awesome.min.css HTTP/1.1" 304 - 0.0010
::1 - - [30/Jan/2016:13:06:26 +0100] "GET /css/dataTables.jqueryui.min.css HTTP/1.1" 304 - 0.0000
::1 - - [30/Jan/2016:13:06:26 +0100] "GET /css/main.css HTTP/1.1" 200 1159 0.0050
::1 - - [30/Jan/2016:13:06:26 +0100] "GET /css/jquery.dataTables_themeroller.css HTTP/1.1" 304 - 0.0000
::1 - - [30/Jan/2016:13:06:26 +0100] "GET /css/sidebar.css HTTP/1.1" 304 - 0.0010
::1 - - [30/Jan/2016:13:06:26 +0100] "GET /css/jquery.dataTables.css HTTP/1.1" 304 - 0.0010
::1 - - [30/Jan/2016:13:06:26 +0100] "GET /css/jquery.dataTables.min.css HTTP/1.1" 304 - 0.0010
::1 - - [30/Jan/2016:13:06:26 +0100] "GET /css/ispinner.css HTTP/1.1" 304 - 0.0000
::1 - - [30/Jan/2016:13:06:26 +0100] "GET /js/vendor/bootstrap.min.js HTTP/1.1" 304 - 0.0010
::1 - - [30/Jan/2016:13:06:26 +0100] "GET /js/vendor/jquery-1.11.2.min.js HTTP/1.1" 304 - 0.0000
::1 - - [30/Jan/2016:13:06:26 +0100] "GET /js/vendor/jquery.touchSwipe.min.js HTTP/1.1" 304 - 0.0010
::1 - - [30/Jan/2016:13:06:26 +0100] "GET /js/vendor/jquery.dataTables.min.js HTTP/1.1" 304 - 0.0010
::1 - - [30/Jan/2016:13:06:26 +0100] "GET /js/main.js HTTP/1.1" 304 - 0.0010
::1 - - [30/Jan/2016:13:06:26 +0100] "GET /js/vendor/dataTables.jqueryui.min.js HTTP/1.1" 304 - 0.0010
::1 - - [30/Jan/2016:13:06:26 +0100] "GET /js/vendor/dataTables.bootstrap.min.js HTTP/1.1" 304 - 0.0020
::1 - - [30/Jan/2016:13:06:27 +0100] "GET /fonts/glyphicons-halflings-regular.woff HTTP/1.1" 304 - 0.0010
::1 - - [30/Jan/2016:13:06:27 +0100] "GET /images/sort_both.png HTTP/1.1" 304 - 0.0000
::1 - - [30/Jan/2016:13:06:27 +0100] "GET /images/sort_asc.png HTTP/1.1" 304 - 0.0030
::1 - - [30/Jan/2016:13:06:27 +0100] "GET /favicon.ico HTTP/1.1" 200 766 0.0000
::1 - - [30/Jan/2016:13:06:35 +0100] "GET /contact HTTP/1.1" 200 15778 0.0120
::1 - - [30/Jan/2016:13:06:35 +0100] "GET /css/bootstrap.min.css HTTP/1.1" 304 - 0.0010
::1 - - [30/Jan/2016:13:06:35 +0100] "GET /css/dataTables.jqueryui.min.css HTTP/1.1" 304 - 0.0010
::1 - - [30/Jan/2016:13:06:35 +0100] "GET /css/font-awesome.min.css HTTP/1.1" 304 - 0.0010
::1 - - [30/Jan/2016:13:06:35 +0100] "GET /css/sidebar.css HTTP/1.1" 304 - 0.0010
::1 - - [30/Jan/2016:13:06:35 +0100] "GET /css/dataTables.bootstrap.min.css HTTP/1.1" 304 - 0.0010
::1 - - [30/Jan/2016:13:06:35 +0100] "GET /css/main.css HTTP/1.1" 200 1158 0.0025
::1 - - [30/Jan/2016:13:06:35 +0100] "GET /css/jquery.dataTables_themeroller.css HTTP/1.1" 304 - 0.0010
::1 - - [30/Jan/2016:13:06:35 +0100] "GET /css/jquery.dataTables.css HTTP/1.1" 304 - 0.0000
::1 - - [30/Jan/2016:13:06:35 +0100] "GET /js/vendor/jquery-1.11.2.min.js HTTP/1.1" 304 - 0.0010
::1 - - [30/Jan/2016:13:06:35 +0100] "GET /css/jquery.dataTables.min.css HTTP/1.1" 304 - 0.0010
::1 - - [30/Jan/2016:13:06:35 +0100] "GET /css/ispinner.css HTTP/1.1" 304 - 0.0030
::1 - - [30/Jan/2016:13:06:35 +0100] "GET /js/vendor/jquery.touchSwipe.min.js HTTP/1.1" 304 - 0.0010
::1 - - [30/Jan/2016:13:06:35 +0100] "GET /js/vendor/bootstrap.min.js HTTP/1.1" 304 - 0.0010
::1 - - [30/Jan/2016:13:06:35 +0100] "GET /js/vendor/jquery.dataTables.min.js HTTP/1.1" 304 - 0.0000
::1 - - [30/Jan/2016:13:06:35 +0100] "GET /js/vendor/dataTables.bootstrap.min.js HTTP/1.1" 304 - 0.0010
::1 - - [30/Jan/2016:13:06:35 +0100] "GET /js/main.js HTTP/1.1" 304 - 0.0010
::1 - - [30/Jan/2016:13:06:35 +0100] "GET /js/vendor/dataTables.jqueryui.min.js HTTP/1.1" 304 - 0.0000
::1 - - [30/Jan/2016:13:06:35 +0100] "GET /images/sort_both.png HTTP/1.1" 304 - 0.0000
::1 - - [30/Jan/2016:13:06:35 +0100] "GET /fonts/glyphicons-halflings-regular.woff HTTP/1.1" 304 - 0.0000
::1 - - [30/Jan/2016:13:06:35 +0100] "GET /images/sort_asc.png HTTP/1.1" 304 - 0.0010
::1 - - [30/Jan/2016:13:06:35 +0100] "GET /favicon.ico HTTP/1.1" 200 766 0.0005
::1 - - [30/Jan/2016:13:06:56 +0100] "GET /contact HTTP/1.1" 200 15760 0.0220
::1 - - [30/Jan/2016:13:06:56 +0100] "GET /css/sidebar.css HTTP/1.1" 304 - 0.0015
::1 - - [30/Jan/2016:13:06:56 +0100] "GET /css/font-awesome.min.css HTTP/1.1" 304 - 0.0010
::1 - - [30/Jan/2016:13:06:56 +0100] "GET /css/dataTables.bootstrap.min.css HTTP/1.1" 304 - 0.0010
::1 - - [30/Jan/2016:13:06:56 +0100] "GET /css/main.css HTTP/1.1" 200 1094 0.0020
::1 - - [30/Jan/2016:13:06:56 +0100] "GET /css/bootstrap.min.css HTTP/1.1" 304 - 0.0010
::1 - - [30/Jan/2016:13:06:56 +0100] "GET /css/dataTables.jqueryui.min.css HTTP/1.1" 304 - 0.0010
::1 - - [30/Jan/2016:13:06:56 +0100] "GET /css/jquery.dataTables_themeroller.css HTTP/1.1" 304 - 0.0010
::1 - - [30/Jan/2016:13:06:56 +0100] "GET /css/jquery.dataTables.min.css HTTP/1.1" 304 - 0.0010
::1 - - [30/Jan/2016:13:06:56 +0100] "GET /css/ispinner.css HTTP/1.1" 304 - 0.0010
::1 - - [30/Jan/2016:13:06:56 +0100] "GET /css/jquery.dataTables.css HTTP/1.1" 304 - 0.0010
::1 - - [30/Jan/2016:13:06:56 +0100] "GET /js/vendor/jquery-1.11.2.min.js HTTP/1.1" 304 - 0.0010
::1 - - [30/Jan/2016:13:06:56 +0100] "GET /js/vendor/bootstrap.min.js HTTP/1.1" 304 - 0.0010
::1 - - [30/Jan/2016:13:06:56 +0100] "GET /js/vendor/jquery.dataTables.min.js HTTP/1.1" 304 - 0.0010
::1 - - [30/Jan/2016:13:06:56 +0100] "GET /js/vendor/jquery.touchSwipe.min.js HTTP/1.1" 304 - 0.0010
::1 - - [30/Jan/2016:13:06:56 +0100] "GET /js/vendor/dataTables.jqueryui.min.js HTTP/1.1" 304 - 0.0000
::1 - - [30/Jan/2016:13:06:56 +0100] "GET /js/vendor/dataTables.bootstrap.min.js HTTP/1.1" 304 - 0.0000
::1 - - [30/Jan/2016:13:06:56 +0100] "GET /js/main.js HTTP/1.1" 304 - 0.0020
::1 - - [30/Jan/2016:13:06:56 +0100] "GET /fonts/glyphicons-halflings-regular.woff HTTP/1.1" 304 - 0.0000
::1 - - [30/Jan/2016:13:06:56 +0100] "GET /images/sort_both.png HTTP/1.1" 304 - 0.0010
::1 - - [30/Jan/2016:13:06:56 +0100] "GET /images/sort_asc.png HTTP/1.1" 304 - 0.0020
::1 - - [30/Jan/2016:13:06:56 +0100] "GET /favicon.ico HTTP/1.1" 200 766 0.0010
::1 - - [30/Jan/2016:13:06:57 +0100] "GET /contact HTTP/1.1" 200 15760 0.0230
::1 - - [30/Jan/2016:13:06:57 +0100] "GET /css/bootstrap.min.css HTTP/1.1" 304 - 0.0010
::1 - - [30/Jan/2016:13:06:57 +0100] "GET /css/dataTables.jqueryui.min.css HTTP/1.1" 304 - 0.0010
::1 - - [30/Jan/2016:13:06:57 +0100] "GET /css/dataTables.bootstrap.min.css HTTP/1.1" 304 - 0.0010
::1 - - [30/Jan/2016:13:06:57 +0100] "GET /css/sidebar.css HTTP/1.1" 304 - 0.0010
::1 - - [30/Jan/2016:13:06:57 +0100] "GET /css/font-awesome.min.css HTTP/1.1" 304 - 0.0000
::1 - - [30/Jan/2016:13:06:57 +0100] "GET /css/main.css HTTP/1.1" 304 - 0.0010
::1 - - [30/Jan/2016:13:06:57 +0100] "GET /css/jquery.dataTables_themeroller.css HTTP/1.1" 304 - 0.0005
::1 - - [30/Jan/2016:13:06:57 +0100] "GET /css/jquery.dataTables.min.css HTTP/1.1" 304 - 0.0005
::1 - - [30/Jan/2016:13:06:57 +0100] "GET /js/vendor/jquery-1.11.2.min.js HTTP/1.1" 304 - 0.0005
::1 - - [30/Jan/2016:13:06:57 +0100] "GET /css/ispinner.css HTTP/1.1" 304 - 0.0010
::1 - - [30/Jan/2016:13:06:57 +0100] "GET /css/jquery.dataTables.css HTTP/1.1" 304 - 0.0005
::1 - - [30/Jan/2016:13:06:57 +0100] "GET /js/vendor/bootstrap.min.js HTTP/1.1" 304 - 0.0010
::1 - - [30/Jan/2016:13:06:57 +0100] "GET /js/vendor/jquery.touchSwipe.min.js HTTP/1.1" 304 - 0.0000
::1 - - [30/Jan/2016:13:06:57 +0100] "GET /js/vendor/jquery.dataTables.min.js HTTP/1.1" 304 - 0.0010
::1 - - [30/Jan/2016:13:06:57 +0100] "GET /js/vendor/dataTables.jqueryui.min.js HTTP/1.1" 304 - 0.0000
::1 - - [30/Jan/2016:13:06:57 +0100] "GET /js/main.js HTTP/1.1" 304 - 0.0000
::1 - - [30/Jan/2016:13:06:57 +0100] "GET /js/vendor/dataTables.bootstrap.min.js HTTP/1.1" 304 - 0.0010
::1 - - [30/Jan/2016:13:06:57 +0100] "GET /images/sort_both.png HTTP/1.1" 304 - 0.0000
::1 - - [30/Jan/2016:13:06:57 +0100] "GET /fonts/glyphicons-halflings-regular.woff HTTP/1.1" 304 - 0.0010
::1 - - [30/Jan/2016:13:06:57 +0100] "GET /images/sort_asc.png HTTP/1.1" 304 - 0.0020
::1 - - [30/Jan/2016:13:06:57 +0100] "GET /favicon.ico HTTP/1.1" 200 766 0.0005
::1 - - [30/Jan/2016:13:07:05 +0100] "GET /images/sort_desc.png HTTP/1.1" 200 167 0.0021
::1 - - [30/Jan/2016:13:14:22 +0100] "GET /contact HTTP/1.1" 200 16489 0.0165
::1 - - [30/Jan/2016:13:14:22 +0100] "GET /css/sidebar.css HTTP/1.1" 304 - 0.0010
::1 - - [30/Jan/2016:13:14:22 +0100] "GET /css/main.css HTTP/1.1" 304 - 0.0010
::1 - - [30/Jan/2016:13:14:22 +0100] "GET /css/bootstrap.min.css HTTP/1.1" 304 - 0.0010
::1 - - [30/Jan/2016:13:14:22 +0100] "GET /css/dataTables.jqueryui.min.css HTTP/1.1" 304 - 0.0005
::1 - - [30/Jan/2016:13:14:22 +0100] "GET /css/dataTables.bootstrap.min.css HTTP/1.1" 304 - 0.0005
::1 - - [30/Jan/2016:13:14:22 +0100] "GET /css/font-awesome.min.css HTTP/1.1" 304 - 0.0005
::1 - - [30/Jan/2016:13:14:22 +0100] "GET /css/jquery.dataTables_themeroller.css HTTP/1.1" 304 - 0.0005
::1 - - [30/Jan/2016:13:14:22 +0100] "GET /css/jquery.dataTables.css HTTP/1.1" 304 - 0.0005
::1 - - [30/Jan/2016:13:14:22 +0100] "GET /css/jquery.dataTables.min.css HTTP/1.1" 304 - 0.0010
::1 - - [30/Jan/2016:13:14:22 +0100] "GET /css/ispinner.css HTTP/1.1" 304 - 0.0005
::1 - - [30/Jan/2016:13:14:22 +0100] "GET /js/vendor/jquery-1.11.2.min.js HTTP/1.1" 304 - 0.0010
::1 - - [30/Jan/2016:13:14:22 +0100] "GET /js/vendor/bootstrap.min.js HTTP/1.1" 304 - 0.0005
::1 - - [30/Jan/2016:13:14:22 +0100] "GET /js/vendor/jquery.touchSwipe.min.js HTTP/1.1" 304 - 0.0005
::1 - - [30/Jan/2016:13:14:22 +0100] "GET /js/vendor/jquery.dataTables.min.js HTTP/1.1" 304 - 0.0005
::1 - - [30/Jan/2016:13:14:22 +0100] "GET /js/vendor/dataTables.jqueryui.min.js HTTP/1.1" 304 - 0.0005
::1 - - [30/Jan/2016:13:14:22 +0100] "GET /js/vendor/dataTables.bootstrap.min.js HTTP/1.1" 304 - 0.0010
::1 - - [30/Jan/2016:13:14:22 +0100] "GET /js/main.js HTTP/1.1" 304 - 0.0015
::1 - - [30/Jan/2016:13:14:22 +0100] "GET /fonts/glyphicons-halflings-regular.woff HTTP/1.1" 304 - 0.0005
::1 - - [30/Jan/2016:13:14:22 +0100] "GET /images/sort_both.png HTTP/1.1" 304 - 0.0005
::1 - - [30/Jan/2016:13:14:22 +0100] "GET /images/sort_asc.png HTTP/1.1" 304 - 0.0015
::1 - - [30/Jan/2016:13:14:22 +0100] "GET /favicon.ico HTTP/1.1" 200 766 0.0010
::1 - - [30/Jan/2016:13:18:47 +0100] "GET /contact HTTP/1.1" 200 17014 0.0185
::1 - - [30/Jan/2016:13:18:47 +0100] "GET /css/dataTables.jqueryui.min.css HTTP/1.1" 304 - 0.0010
::1 - - [30/Jan/2016:13:18:47 +0100] "GET /css/font-awesome.min.css HTTP/1.1" 304 - 0.0010
::1 - - [30/Jan/2016:13:18:47 +0100] "GET /css/bootstrap.min.css HTTP/1.1" 304 - 0.0010
::1 - - [30/Jan/2016:13:18:47 +0100] "GET /css/dataTables.bootstrap.min.css HTTP/1.1" 304 - 0.0005
::1 - - [30/Jan/2016:13:18:47 +0100] "GET /css/main.css HTTP/1.1" 304 - 0.0005
::1 - - [30/Jan/2016:13:18:47 +0100] "GET /css/sidebar.css HTTP/1.1" 304 - 0.0005
::1 - - [30/Jan/2016:13:18:47 +0100] "GET /css/jquery.dataTables_themeroller.css HTTP/1.1" 304 - 0.0010
::1 - - [30/Jan/2016:13:18:47 +0100] "GET /css/jquery.dataTables.min.css HTTP/1.1" 304 - 0.0005
::1 - - [30/Jan/2016:13:18:47 +0100] "GET /css/jquery.dataTables.css HTTP/1.1" 304 - 0.0005
::1 - - [30/Jan/2016:13:18:47 +0100] "GET /js/vendor/jquery-1.11.2.min.js HTTP/1.1" 304 - 0.0005
::1 - - [30/Jan/2016:13:18:47 +0100] "GET /css/ispinner.css HTTP/1.1" 304 - 0.0030
::1 - - [30/Jan/2016:13:18:47 +0100] "GET /js/vendor/bootstrap.min.js HTTP/1.1" 304 - 0.0005
::1 - - [30/Jan/2016:13:18:47 +0100] "GET /js/vendor/jquery.touchSwipe.min.js HTTP/1.1" 304 - 0.0005
::1 - - [30/Jan/2016:13:18:47 +0100] "GET /js/vendor/dataTables.bootstrap.min.js HTTP/1.1" 304 - 0.0010
::1 - - [30/Jan/2016:13:18:47 +0100] "GET /js/main.js HTTP/1.1" 304 - 0.0010
::1 - - [30/Jan/2016:13:18:47 +0100] "GET /js/vendor/jquery.dataTables.min.js HTTP/1.1" 304 - 0.0005
::1 - - [30/Jan/2016:13:18:47 +0100] "GET /js/vendor/dataTables.jqueryui.min.js HTTP/1.1" 304 - 0.0040
::1 - - [30/Jan/2016:13:18:48 +0100] "GET /images/sort_both.png HTTP/1.1" 304 - 0.0010
::1 - - [30/Jan/2016:13:18:48 +0100] "GET /fonts/glyphicons-halflings-regular.woff HTTP/1.1" 304 - 0.0005
::1 - - [30/Jan/2016:13:18:48 +0100] "GET /images/sort_asc.png HTTP/1.1" 304 - 0.0010
::1 - - [30/Jan/2016:13:18:48 +0100] "GET /favicon.ico HTTP/1.1" 200 766 0.0010
::1 - - [30/Jan/2016:13:22:41 +0100] "GET /contact HTTP/1.1" 200 17598 0.0240
::1 - - [30/Jan/2016:13:22:41 +0100] "GET /css/bootstrap.min.css HTTP/1.1" 304 - 0.0005
::1 - - [30/Jan/2016:13:22:41 +0100] "GET /css/dataTables.bootstrap.min.css HTTP/1.1" 304 - 0.0010
::1 - - [30/Jan/2016:13:22:41 +0100] "GET /css/dataTables.jqueryui.min.css HTTP/1.1" 304 - 0.0005
::1 - - [30/Jan/2016:13:22:41 +0100] "GET /css/font-awesome.min.css HTTP/1.1" 304 - 0.0005
::1 - - [30/Jan/2016:13:22:41 +0100] "GET /css/sidebar.css HTTP/1.1" 304 - 0.0010
::1 - - [30/Jan/2016:13:22:41 +0100] "GET /css/main.css HTTP/1.1" 304 - 0.0010
::1 - - [30/Jan/2016:13:22:41 +0100] "GET /css/jquery.dataTables_themeroller.css HTTP/1.1" 304 - 0.0020
::1 - - [30/Jan/2016:13:22:41 +0100] "GET /css/jquery.dataTables.css HTTP/1.1" 304 - 0.0005
::1 - - [30/Jan/2016:13:22:41 +0100] "GET /css/jquery.dataTables.min.css HTTP/1.1" 304 - 0.0005
::1 - - [30/Jan/2016:13:22:41 +0100] "GET /css/ispinner.css HTTP/1.1" 304 - 0.0005
::1 - - [30/Jan/2016:13:22:41 +0100] "GET /js/vendor/bootstrap.min.js HTTP/1.1" 304 - 0.0010
::1 - - [30/Jan/2016:13:22:41 +0100] "GET /js/vendor/jquery-1.11.2.min.js HTTP/1.1" 304 - 0.0005
::1 - - [30/Jan/2016:13:22:41 +0100] "GET /js/vendor/jquery.touchSwipe.min.js HTTP/1.1" 304 - 0.0005
::1 - - [30/Jan/2016:13:22:41 +0100] "GET /js/vendor/dataTables.jqueryui.min.js HTTP/1.1" 304 - 0.0005
::1 - - [30/Jan/2016:13:22:41 +0100] "GET /js/main.js HTTP/1.1" 304 - 0.0005
::1 - - [30/Jan/2016:13:22:41 +0100] "GET /js/vendor/jquery.dataTables.min.js HTTP/1.1" 304 - 0.0005
::1 - - [30/Jan/2016:13:22:41 +0100] "GET /js/vendor/dataTables.bootstrap.min.js HTTP/1.1" 304 - 0.0010
::1 - - [30/Jan/2016:13:22:42 +0100] "GET /fonts/glyphicons-halflings-regular.woff HTTP/1.1" 304 - 0.0010
::1 - - [30/Jan/2016:13:22:42 +0100] "GET /images/sort_both.png HTTP/1.1" 304 - 0.0005
::1 - - [30/Jan/2016:13:22:42 +0100] "GET /images/sort_asc.png HTTP/1.1" 304 - 0.0015
::1 - - [30/Jan/2016:13:22:42 +0100] "GET /favicon.ico HTTP/1.1" 200 766 0.0005
::1 - - [30/Jan/2016:13:24:39 +0100] "GET /contact HTTP/1.1" 200 17603 0.0143
::1 - - [30/Jan/2016:13:24:39 +0100] "GET /css/bootstrap.min.css HTTP/1.1" 304 - 0.0010
::1 - - [30/Jan/2016:13:24:39 +0100] "GET /css/sidebar.css HTTP/1.1" 304 - 0.0015
::1 - - [30/Jan/2016:13:24:39 +0100] "GET /css/dataTables.jqueryui.min.css HTTP/1.1" 304 - 0.0010
::1 - - [30/Jan/2016:13:24:39 +0100] "GET /css/main.css HTTP/1.1" 304 - 0.0070
::1 - - [30/Jan/2016:13:24:39 +0100] "GET /css/font-awesome.min.css HTTP/1.1" 304 - 0.0005
::1 - - [30/Jan/2016:13:24:39 +0100] "GET /css/dataTables.bootstrap.min.css HTTP/1.1" 304 - 0.0005
::1 - - [30/Jan/2016:13:24:39 +0100] "GET /css/jquery.dataTables_themeroller.css HTTP/1.1" 304 - 0.0005
::1 - - [30/Jan/2016:13:24:39 +0100] "GET /css/jquery.dataTables.css HTTP/1.1" 304 - 0.0010
::1 - - [30/Jan/2016:13:24:39 +0100] "GET /css/jquery.dataTables.min.css HTTP/1.1" 304 - 0.0005
::1 - - [30/Jan/2016:13:24:39 +0100] "GET /js/vendor/jquery-1.11.2.min.js HTTP/1.1" 304 - 0.0010
::1 - - [30/Jan/2016:13:24:39 +0100] "GET /css/ispinner.css HTTP/1.1" 304 - 0.0080
::1 - - [30/Jan/2016:13:24:39 +0100] "GET /js/vendor/jquery.touchSwipe.min.js HTTP/1.1" 304 - 0.0005
::1 - - [30/Jan/2016:13:24:39 +0100] "GET /js/vendor/bootstrap.min.js HTTP/1.1" 304 - 0.0045
::1 - - [30/Jan/2016:13:24:39 +0100] "GET /js/vendor/jquery.dataTables.min.js HTTP/1.1" 304 - 0.0005
::1 - - [30/Jan/2016:13:24:39 +0100] "GET /js/vendor/dataTables.bootstrap.min.js HTTP/1.1" 304 - 0.0005
::1 - - [30/Jan/2016:13:24:39 +0100] "GET /js/vendor/dataTables.jqueryui.min.js HTTP/1.1" 304 - 0.0005
::1 - - [30/Jan/2016:13:24:39 +0100] "GET /js/main.js HTTP/1.1" 304 - 0.0005
::1 - - [30/Jan/2016:13:24:39 +0100] "GET /fonts/glyphicons-halflings-regular.woff HTTP/1.1" 304 - 0.0005
::1 - - [30/Jan/2016:13:24:39 +0100] "GET /images/sort_both.png HTTP/1.1" 304 - 0.0010
::1 - - [30/Jan/2016:13:24:39 +0100] "GET /images/sort_asc.png HTTP/1.1" 304 - 0.0010
::1 - - [30/Jan/2016:13:24:39 +0100] "GET /favicon.ico HTTP/1.1" 200 766 0.0010
::1 - - [30/Jan/2016:13:25:19 +0100] "GET /contact HTTP/1.1" 200 17604 0.0160
::1 - - [30/Jan/2016:13:25:19 +0100] "GET /css/sidebar.css HTTP/1.1" 304 - 0.0010
::1 - - [30/Jan/2016:13:25:19 +0100] "GET /css/main.css HTTP/1.1" 304 - 0.0010
::1 - - [30/Jan/2016:13:25:19 +0100] "GET /css/bootstrap.min.css HTTP/1.1" 304 - 0.0010
::1 - - [30/Jan/2016:13:25:19 +0100] "GET /css/font-awesome.min.css HTTP/1.1" 304 - 0.0010
::1 - - [30/Jan/2016:13:25:19 +0100] "GET /css/dataTables.bootstrap.min.css HTTP/1.1" 304 - 0.0005
::1 - - [30/Jan/2016:13:25:19 +0100] "GET /css/dataTables.jqueryui.min.css HTTP/1.1" 304 - 0.0005
::1 - - [30/Jan/2016:13:25:19 +0100] "GET /css/jquery.dataTables_themeroller.css HTTP/1.1" 304 - 0.0005
::1 - - [30/Jan/2016:13:25:19 +0100] "GET /css/jquery.dataTables.css HTTP/1.1" 304 - 0.0010
::1 - - [30/Jan/2016:13:25:19 +0100] "GET /css/jquery.dataTables.min.css HTTP/1.1" 304 - 0.0010
::1 - - [30/Jan/2016:13:25:19 +0100] "GET /css/ispinner.css HTTP/1.1" 304 - 0.0010
::1 - - [30/Jan/2016:13:25:19 +0100] "GET /js/vendor/jquery-1.11.2.min.js HTTP/1.1" 304 - 0.0005
::1 - - [30/Jan/2016:13:25:19 +0100] "GET /js/vendor/bootstrap.min.js HTTP/1.1" 304 - 0.0010
::1 - - [30/Jan/2016:13:25:19 +0100] "GET /js/vendor/jquery.touchSwipe.min.js HTTP/1.1" 304 - 0.0005
::1 - - [30/Jan/2016:13:25:19 +0100] "GET /js/vendor/jquery.dataTables.min.js HTTP/1.1" 304 - 0.0010
::1 - - [30/Jan/2016:13:25:19 +0100] "GET /js/main.js HTTP/1.1" 304 - 0.0005
::1 - - [30/Jan/2016:13:25:19 +0100] "GET /js/vendor/dataTables.bootstrap.min.js HTTP/1.1" 304 - 0.0005
::1 - - [30/Jan/2016:13:25:19 +0100] "GET /js/vendor/dataTables.jqueryui.min.js HTTP/1.1" 304 - 0.0030
::1 - - [30/Jan/2016:13:25:19 +0100] "GET /images/sort_both.png HTTP/1.1" 304 - 0.0005
::1 - - [30/Jan/2016:13:25:20 +0100] "GET /fonts/glyphicons-halflings-regular.woff HTTP/1.1" 304 - 0.0010
::1 - - [30/Jan/2016:13:25:20 +0100] "GET /images/sort_asc.png HTTP/1.1" 304 - 0.0020
::1 - - [30/Jan/2016:13:25:20 +0100] "GET /favicon.ico HTTP/1.1" 200 766 0.0010
::1 - - [30/Jan/2016:13:26:07 +0100] "GET /contact HTTP/1.1" 200 17555 0.0150
::1 - - [30/Jan/2016:13:26:07 +0100] "GET /css/font-awesome.min.css HTTP/1.1" 304 - 0.0010
::1 - - [30/Jan/2016:13:26:07 +0100] "GET /css/dataTables.bootstrap.min.css HTTP/1.1" 304 - 0.0005
::1 - - [30/Jan/2016:13:26:07 +0100] "GET /css/dataTables.jqueryui.min.css HTTP/1.1" 304 - 0.0005
::1 - - [30/Jan/2016:13:26:07 +0100] "GET /css/main.css HTTP/1.1" 304 - 0.0005
::1 - - [30/Jan/2016:13:26:07 +0100] "GET /css/sidebar.css HTTP/1.1" 304 - 0.0010
::1 - - [30/Jan/2016:13:26:07 +0100] "GET /css/bootstrap.min.css HTTP/1.1" 304 - 0.0005
::1 - - [30/Jan/2016:13:26:07 +0100] "GET /css/jquery.dataTables.css HTTP/1.1" 304 - 0.0005
::1 - - [30/Jan/2016:13:26:07 +0100] "GET /css/jquery.dataTables_themeroller.css HTTP/1.1" 304 - 0.0000
::1 - - [30/Jan/2016:13:26:07 +0100] "GET /js/vendor/jquery-1.11.2.min.js HTTP/1.1" 304 - 0.0005
::1 - - [30/Jan/2016:13:26:07 +0100] "GET /css/ispinner.css HTTP/1.1" 304 - 0.0005
::1 - - [30/Jan/2016:13:26:07 +0100] "GET /css/jquery.dataTables.min.css HTTP/1.1" 304 - 0.0005
::1 - - [30/Jan/2016:13:26:07 +0100] "GET /js/vendor/bootstrap.min.js HTTP/1.1" 304 - 0.0010
::1 - - [30/Jan/2016:13:26:07 +0100] "GET /js/vendor/jquery.dataTables.min.js HTTP/1.1" 304 - 0.0015
::1 - - [30/Jan/2016:13:26:07 +0100] "GET /js/vendor/jquery.touchSwipe.min.js HTTP/1.1" 304 - 0.0015
::1 - - [30/Jan/2016:13:26:07 +0100] "GET /js/vendor/dataTables.jqueryui.min.js HTTP/1.1" 304 - 0.0010
::1 - - [30/Jan/2016:13:26:07 +0100] "GET /js/main.js HTTP/1.1" 304 - 0.0005
::1 - - [30/Jan/2016:13:26:07 +0100] "GET /js/vendor/dataTables.bootstrap.min.js HTTP/1.1" 304 - 0.0005
::1 - - [30/Jan/2016:13:26:07 +0100] "GET /images/sort_both.png HTTP/1.1" 304 - 0.0010
::1 - - [30/Jan/2016:13:26:07 +0100] "GET /fonts/glyphicons-halflings-regular.woff HTTP/1.1" 304 - 0.0010
::1 - - [30/Jan/2016:13:26:07 +0100] "GET /images/sort_asc.png HTTP/1.1" 304 - 0.0010
::1 - - [30/Jan/2016:13:26:07 +0100] "GET /favicon.ico HTTP/1.1" 200 766 0.0015
::1 - - [30/Jan/2016:13:28:11 +0100] "GET /contact HTTP/1.1" 200 17682 0.0175
::1 - - [30/Jan/2016:13:28:11 +0100] "GET /css/bootstrap.min.css HTTP/1.1" 304 - 0.0005
::1 - - [30/Jan/2016:13:28:11 +0100] "GET /css/main.css HTTP/1.1" 304 - 0.0010
::1 - - [30/Jan/2016:13:28:11 +0100] "GET /css/font-awesome.min.css HTTP/1.1" 304 - 0.0010
::1 - - [30/Jan/2016:13:28:11 +0100] "GET /css/sidebar.css HTTP/1.1" 304 - 0.0010
::1 - - [30/Jan/2016:13:28:11 +0100] "GET /css/dataTables.bootstrap.min.css HTTP/1.1" 304 - 0.0005
::1 - - [30/Jan/2016:13:28:11 +0100] "GET /css/jquery.dataTables_themeroller.css HTTP/1.1" 304 - 0.0010
::1 - - [30/Jan/2016:13:28:11 +0100] "GET /css/dataTables.jqueryui.min.css HTTP/1.1" 304 - 0.0010
::1 - - [30/Jan/2016:13:28:11 +0100] "GET /css/jquery.dataTables.css HTTP/1.1" 304 - 0.0010
::1 - - [30/Jan/2016:13:28:11 +0100] "GET /css/jquery.dataTables.min.css HTTP/1.1" 304 - 0.0005
::1 - - [30/Jan/2016:13:28:11 +0100] "GET /css/ispinner.css HTTP/1.1" 304 - 0.0010
::1 - - [30/Jan/2016:13:28:11 +0100] "GET /js/vendor/jquery-1.11.2.min.js HTTP/1.1" 304 - 0.0005
::1 - - [30/Jan/2016:13:28:11 +0100] "GET /js/vendor/bootstrap.min.js HTTP/1.1" 304 - 0.0010
::1 - - [30/Jan/2016:13:28:11 +0100] "GET /js/vendor/jquery.touchSwipe.min.js HTTP/1.1" 304 - 0.0010
::1 - - [30/Jan/2016:13:28:11 +0100] "GET /js/vendor/dataTables.jqueryui.min.js HTTP/1.1" 304 - 0.0005
::1 - - [30/Jan/2016:13:28:11 +0100] "GET /js/vendor/jquery.dataTables.min.js HTTP/1.1" 304 - 0.0005
::1 - - [30/Jan/2016:13:28:11 +0100] "GET /js/vendor/dataTables.bootstrap.min.js HTTP/1.1" 304 - 0.0075
::1 - - [30/Jan/2016:13:28:11 +0100] "GET /js/main.js HTTP/1.1" 304 - 0.0005
::1 - - [30/Jan/2016:13:28:11 +0100] "GET /fonts/glyphicons-halflings-regular.woff HTTP/1.1" 304 - 0.0005
::1 - - [30/Jan/2016:13:28:11 +0100] "GET /images/sort_both.png HTTP/1.1" 304 - 0.0010
::1 - - [30/Jan/2016:13:28:12 +0100] "GET /images/sort_asc.png HTTP/1.1" 304 - 0.0010
::1 - - [30/Jan/2016:13:28:12 +0100] "GET /favicon.ico HTTP/1.1" 200 766 0.0010
::1 - - [30/Jan/2016:13:28:48 +0100] "GET /contact HTTP/1.1" 200 17712 0.0150
::1 - - [30/Jan/2016:13:28:48 +0100] "GET /css/bootstrap.min.css HTTP/1.1" 304 - 0.0005
::1 - - [30/Jan/2016:13:28:48 +0100] "GET /css/main.css HTTP/1.1" 304 - 0.0010
::1 - - [30/Jan/2016:13:28:48 +0100] "GET /css/jquery.dataTables_themeroller.css HTTP/1.1" 304 - 0.0005
::1 - - [30/Jan/2016:13:28:48 +0100] "GET /css/sidebar.css HTTP/1.1" 304 - 0.0005
::1 - - [30/Jan/2016:13:28:48 +0100] "GET /css/font-awesome.min.css HTTP/1.1" 304 - 0.0010
::1 - - [30/Jan/2016:13:28:48 +0100] "GET /css/jquery.dataTables.css HTTP/1.1" 304 - 0.0010
::1 - - [30/Jan/2016:13:28:48 +0100] "GET /css/dataTables.bootstrap.min.css HTTP/1.1" 304 - 0.0010
::1 - - [30/Jan/2016:13:28:48 +0100] "GET /css/dataTables.jqueryui.min.css HTTP/1.1" 304 - 0.0035
::1 - - [30/Jan/2016:13:28:48 +0100] "GET /js/vendor/jquery-1.11.2.min.js HTTP/1.1" 304 - 0.0005
::1 - - [30/Jan/2016:13:28:48 +0100] "GET /css/jquery.dataTables.min.css HTTP/1.1" 304 - 0.0005
::1 - - [30/Jan/2016:13:28:48 +0100] "GET /css/ispinner.css HTTP/1.1" 304 - 0.0010
::1 - - [30/Jan/2016:13:28:48 +0100] "GET /js/vendor/bootstrap.min.js HTTP/1.1" 304 - 0.0005
::1 - - [30/Jan/2016:13:28:48 +0100] "GET /js/vendor/jquery.touchSwipe.min.js HTTP/1.1" 304 - 0.0005
::1 - - [30/Jan/2016:13:28:48 +0100] "GET /js/vendor/jquery.dataTables.min.js HTTP/1.1" 304 - 0.0005
::1 - - [30/Jan/2016:13:28:48 +0100] "GET /js/main.js HTTP/1.1" 304 - 0.0005
::1 - - [30/Jan/2016:13:28:48 +0100] "GET /js/vendor/dataTables.jqueryui.min.js HTTP/1.1" 304 - 0.0005
::1 - - [30/Jan/2016:13:28:48 +0100] "GET /js/vendor/dataTables.bootstrap.min.js HTTP/1.1" 304 - 0.0005
::1 - - [30/Jan/2016:13:28:48 +0100] "GET /fonts/glyphicons-halflings-regular.woff HTTP/1.1" 304 - 0.0010
::1 - - [30/Jan/2016:13:28:48 +0100] "GET /images/sort_both.png HTTP/1.1" 304 - 0.0005
::1 - - [30/Jan/2016:13:28:48 +0100] "GET /images/sort_asc.png HTTP/1.1" 304 - 0.0010
::1 - - [30/Jan/2016:13:28:48 +0100] "GET /favicon.ico HTTP/1.1" 200 766 0.0015
::1 - - [30/Jan/2016:13:29:07 +0100] "GET /inbox HTTP/1.1" 200 22383 0.0165
::1 - - [30/Jan/2016:13:29:09 +0100] "GET /contact HTTP/1.1" 200 17712 0.0140
::1 - - [30/Jan/2016:13:29:11 +0100] "GET /inbox HTTP/1.1" 200 22383 0.0165
::1 - - [30/Jan/2016:13:29:15 +0100] "GET /contact HTTP/1.1" 200 17712 0.0135
::1 - - [30/Jan/2016:13:36:23 +0100] "GET /contact HTTP/1.1" 200 17748 0.0165
::1 - - [30/Jan/2016:13:36:23 +0100] "GET /css/bootstrap.min.css HTTP/1.1" 304 - 0.0010
::1 - - [30/Jan/2016:13:36:23 +0100] "GET /css/dataTables.bootstrap.min.css HTTP/1.1" 304 - 0.0010
::1 - - [30/Jan/2016:13:36:23 +0100] "GET /css/main.css HTTP/1.1" 304 - 0.0005
::1 - - [30/Jan/2016:13:36:23 +0100] "GET /css/font-awesome.min.css HTTP/1.1" 304 - 0.0010
::1 - - [30/Jan/2016:13:36:23 +0100] "GET /css/dataTables.jqueryui.min.css HTTP/1.1" 304 - 0.0005
::1 - - [30/Jan/2016:13:36:23 +0100] "GET /css/sidebar.css HTTP/1.1" 304 - 0.0005
::1 - - [30/Jan/2016:13:36:24 +0100] "GET /css/jquery.dataTables_themeroller.css HTTP/1.1" 304 - 0.0010
::1 - - [30/Jan/2016:13:36:24 +0100] "GET /js/vendor/bootstrap.min.js HTTP/1.1" 304 - 0.0020
::1 - - [30/Jan/2016:13:36:24 +0100] "GET /css/jquery.dataTables.min.css HTTP/1.1" 304 - 0.0005
::1 - - [30/Jan/2016:13:36:24 +0100] "GET /js/vendor/jquery-1.11.2.min.js HTTP/1.1" 304 - 0.0005
::1 - - [30/Jan/2016:13:36:24 +0100] "GET /css/ispinner.css HTTP/1.1" 304 - 0.0010
::1 - - [30/Jan/2016:13:36:24 +0100] "GET /css/jquery.dataTables.css HTTP/1.1" 304 - 0.0005
::1 - - [30/Jan/2016:13:36:24 +0100] "GET /js/vendor/jquery.touchSwipe.min.js HTTP/1.1" 304 - 0.0005
::1 - - [30/Jan/2016:13:36:24 +0100] "GET /js/main.js HTTP/1.1" 304 - 0.0015
::1 - - [30/Jan/2016:13:36:24 +0100] "GET /js/vendor/jquery.dataTables.min.js HTTP/1.1" 304 - 0.0010
::1 - - [30/Jan/2016:13:36:24 +0100] "GET /js/vendor/dataTables.bootstrap.min.js HTTP/1.1" 304 - 0.0005
::1 - - [30/Jan/2016:13:36:24 +0100] "GET /js/vendor/dataTables.jqueryui.min.js HTTP/1.1" 304 - 0.0005
::1 - - [30/Jan/2016:13:36:24 +0100] "GET /fonts/glyphicons-halflings-regular.woff HTTP/1.1" 304 - 0.0005
::1 - - [30/Jan/2016:13:36:24 +0100] "GET /images/sort_both.png HTTP/1.1" 304 - 0.0005
::1 - - [30/Jan/2016:13:36:24 +0100] "GET /images/sort_asc.png HTTP/1.1" 304 - 0.0010
::1 - - [30/Jan/2016:13:36:24 +0100] "GET /favicon.ico HTTP/1.1" 200 766 0.0010
::1 - - [30/Jan/2016:13:37:09 +0100] "GET /contact HTTP/1.1" 200 17748 0.0165
::1 - - [30/Jan/2016:13:37:09 +0100] "GET /css/sidebar.css HTTP/1.1" 304 - 0.0010
::1 - - [30/Jan/2016:13:37:09 +0100] "GET /css/main.css HTTP/1.1" 304 - 0.0010
::1 - - [30/Jan/2016:13:37:09 +0100] "GET /css/font-awesome.min.css HTTP/1.1" 304 - 0.0010
::1 - - [30/Jan/2016:13:37:09 +0100] "GET /css/dataTables.bootstrap.min.css HTTP/1.1" 304 - 0.0005
::1 - - [30/Jan/2016:13:37:09 +0100] "GET /css/dataTables.jqueryui.min.css HTTP/1.1" 304 - 0.0005
::1 - - [30/Jan/2016:13:37:09 +0100] "GET /css/bootstrap.min.css HTTP/1.1" 304 - 0.0005
::1 - - [30/Jan/2016:13:37:09 +0100] "GET /css/jquery.dataTables_themeroller.css HTTP/1.1" 304 - 0.0005
::1 - - [30/Jan/2016:13:37:09 +0100] "GET /css/jquery.dataTables.css HTTP/1.1" 304 - 0.0005
::1 - - [30/Jan/2016:13:37:09 +0100] "GET /css/jquery.dataTables.min.css HTTP/1.1" 304 - 0.0005
::1 - - [30/Jan/2016:13:37:09 +0100] "GET /css/ispinner.css HTTP/1.1" 304 - 0.0005
::1 - - [30/Jan/2016:13:37:09 +0100] "GET /js/vendor/jquery-1.11.2.min.js HTTP/1.1" 304 - 0.0035
::1 - - [30/Jan/2016:13:37:09 +0100] "GET /js/vendor/bootstrap.min.js HTTP/1.1" 304 - 0.0010
::1 - - [30/Jan/2016:13:37:09 +0100] "GET /js/vendor/jquery.touchSwipe.min.js HTTP/1.1" 304 - 0.0005
::1 - - [30/Jan/2016:13:37:09 +0100] "GET /js/vendor/jquery.dataTables.min.js HTTP/1.1" 304 - 0.0005
::1 - - [30/Jan/2016:13:37:09 +0100] "GET /js/vendor/dataTables.bootstrap.min.js HTTP/1.1" 304 - 0.0005
::1 - - [30/Jan/2016:13:37:09 +0100] "GET /js/main.js HTTP/1.1" 304 - 0.0005
::1 - - [30/Jan/2016:13:37:09 +0100] "GET /js/vendor/dataTables.jqueryui.min.js HTTP/1.1" 304 - 0.0010
::1 - - [30/Jan/2016:13:37:10 +0100] "GET /images/sort_asc.png HTTP/1.1" 304 - 0.0010
::1 - - [30/Jan/2016:13:37:10 +0100] "GET /images/sort_both.png HTTP/1.1" 304 - 0.0005
::1 - - [30/Jan/2016:13:37:10 +0100] "GET /fonts/glyphicons-halflings-regular.woff HTTP/1.1" 304 - 0.0025
::1 - - [30/Jan/2016:13:37:10 +0100] "GET /favicon.ico HTTP/1.1" 200 766 0.0010
::1 - - [30/Jan/2016:13:37:27 +0100] "GET /contact HTTP/1.1" 200 17748 0.0225
::1 - - [30/Jan/2016:13:37:27 +0100] "GET /css/main.css HTTP/1.1" 304 - 0.0010
::1 - - [30/Jan/2016:13:37:27 +0100] "GET /css/sidebar.css HTTP/1.1" 304 - 0.0005
::1 - - [30/Jan/2016:13:37:27 +0100] "GET /css/dataTables.bootstrap.min.css HTTP/1.1" 304 - 0.0010
::1 - - [30/Jan/2016:13:37:27 +0100] "GET /css/font-awesome.min.css HTTP/1.1" 304 - 0.0010
::1 - - [30/Jan/2016:13:37:27 +0100] "GET /css/dataTables.jqueryui.min.css HTTP/1.1" 304 - 0.0005
::1 - - [30/Jan/2016:13:37:27 +0100] "GET /css/jquery.dataTables_themeroller.css HTTP/1.1" 304 - 0.0010
::1 - - [30/Jan/2016:13:37:27 +0100] "GET /css/bootstrap.min.css HTTP/1.1" 304 - 0.0005
::1 - - [30/Jan/2016:13:37:27 +0100] "GET /css/jquery.dataTables.css HTTP/1.1" 304 - 0.0005
::1 - - [30/Jan/2016:13:37:27 +0100] "GET /css/ispinner.css HTTP/1.1" 304 - 0.0010
::1 - - [30/Jan/2016:13:37:27 +0100] "GET /js/vendor/jquery-1.11.2.min.js HTTP/1.1" 304 - 0.0005
::1 - - [30/Jan/2016:13:37:27 +0100] "GET /css/jquery.dataTables.min.css HTTP/1.1" 304 - 0.0010
::1 - - [30/Jan/2016:13:37:27 +0100] "GET /js/vendor/jquery.touchSwipe.min.js HTTP/1.1" 304 - 0.0005
::1 - - [30/Jan/2016:13:37:27 +0100] "GET /js/vendor/jquery.dataTables.min.js HTTP/1.1" 304 - 0.0010
::1 - - [30/Jan/2016:13:37:27 +0100] "GET /js/vendor/bootstrap.min.js HTTP/1.1" 304 - 0.0010
::1 - - [30/Jan/2016:13:37:27 +0100] "GET /js/vendor/dataTables.jqueryui.min.js HTTP/1.1" 304 - 0.0010
::1 - - [30/Jan/2016:13:37:27 +0100] "GET /js/main.js HTTP/1.1" 304 - 0.0010
::1 - - [30/Jan/2016:13:37:27 +0100] "GET /js/vendor/dataTables.bootstrap.min.js HTTP/1.1" 304 - 0.0005
::1 - - [30/Jan/2016:13:37:27 +0100] "GET /fonts/glyphicons-halflings-regular.woff HTTP/1.1" 304 - 0.0005
::1 - - [30/Jan/2016:13:37:27 +0100] "GET /images/sort_both.png HTTP/1.1" 304 - 0.0005
::1 - - [30/Jan/2016:13:37:27 +0100] "GET /images/sort_asc.png HTTP/1.1" 304 - 0.0010
::1 - - [30/Jan/2016:13:39:11 +0100] "GET /contact HTTP/1.1" 200 17793 0.0140
::1 - - [30/Jan/2016:13:39:12 +0100] "GET /css/bootstrap.min.css HTTP/1.1" 304 - 0.0010
::1 - - [30/Jan/2016:13:39:12 +0100] "GET /css/sidebar.css HTTP/1.1" 304 - 0.0005
::1 - - [30/Jan/2016:13:39:12 +0100] "GET /css/dataTables.bootstrap.min.css HTTP/1.1" 304 - 0.0005
::1 - - [30/Jan/2016:13:39:12 +0100] "GET /css/main.css HTTP/1.1" 304 - 0.0005
::1 - - [30/Jan/2016:13:39:12 +0100] "GET /css/dataTables.jqueryui.min.css HTTP/1.1" 304 - 0.0010
::1 - - [30/Jan/2016:13:39:12 +0100] "GET /css/font-awesome.min.css HTTP/1.1" 304 - 0.0050
::1 - - [30/Jan/2016:13:39:12 +0100] "GET /css/jquery.dataTables_themeroller.css HTTP/1.1" 304 - 0.0005
::1 - - [30/Jan/2016:13:39:12 +0100] "GET /js/vendor/jquery-1.11.2.min.js HTTP/1.1" 304 - 0.0010
::1 - - [30/Jan/2016:13:39:12 +0100] "GET /js/vendor/bootstrap.min.js HTTP/1.1" 304 - 0.0010
::1 - - [30/Jan/2016:13:39:12 +0100] "GET /css/jquery.dataTables.min.css HTTP/1.1" 304 - 0.0005
::1 - - [30/Jan/2016:13:39:12 +0100] "GET /css/jquery.dataTables.css HTTP/1.1" 304 - 0.0005
::1 - - [30/Jan/2016:13:39:12 +0100] "GET /css/ispinner.css HTTP/1.1" 304 - 0.0160
::1 - - [30/Jan/2016:13:39:12 +0100] "GET /js/vendor/jquery.touchSwipe.min.js HTTP/1.1" 304 - 0.0025
::1 - - [30/Jan/2016:13:39:12 +0100] "GET /js/vendor/jquery.dataTables.min.js HTTP/1.1" 304 - 0.0005
::1 - - [30/Jan/2016:13:39:12 +0100] "GET /js/vendor/dataTables.jqueryui.min.js HTTP/1.1" 304 - 0.0005
::1 - - [30/Jan/2016:13:39:12 +0100] "GET /js/vendor/dataTables.bootstrap.min.js HTTP/1.1" 304 - 0.0000
::1 - - [30/Jan/2016:13:39:12 +0100] "GET /js/functions.js HTTP/1.1" 200 214 0.0040
::1 - - [30/Jan/2016:13:39:12 +0100] "GET /js/main.js HTTP/1.1" 304 - 0.0010
::1 - - [30/Jan/2016:13:39:12 +0100] "GET /fonts/glyphicons-halflings-regular.woff HTTP/1.1" 304 - 0.0005
::1 - - [30/Jan/2016:13:39:12 +0100] "GET /images/sort_both.png HTTP/1.1" 304 - 0.0005
::1 - - [30/Jan/2016:13:39:12 +0100] "GET /images/sort_asc.png HTTP/1.1" 304 - 0.0010
::1 - - [30/Jan/2016:13:39:47 +0100] "GET /contact HTTP/1.1" 200 17793 0.0150
::1 - - [30/Jan/2016:13:39:47 +0100] "GET /css/bootstrap.min.css HTTP/1.1" 304 - 0.0010
::1 - - [30/Jan/2016:13:39:47 +0100] "GET /css/font-awesome.min.css HTTP/1.1" 304 - 0.0005
::1 - - [30/Jan/2016:13:39:47 +0100] "GET /css/sidebar.css HTTP/1.1" 304 - 0.0005
::1 - - [30/Jan/2016:13:39:47 +0100] "GET /css/main.css HTTP/1.1" 304 - 0.0005
::1 - - [30/Jan/2016:13:39:47 +0100] "GET /css/dataTables.bootstrap.min.css HTTP/1.1" 304 - 0.0005
::1 - - [30/Jan/2016:13:39:47 +0100] "GET /css/dataTables.jqueryui.min.css HTTP/1.1" 304 - 0.0005
::1 - - [30/Jan/2016:13:39:47 +0100] "GET /css/jquery.dataTables_themeroller.css HTTP/1.1" 304 - 0.0005
::1 - - [30/Jan/2016:13:39:47 +0100] "GET /js/vendor/bootstrap.min.js HTTP/1.1" 304 - 0.0005
::1 - - [30/Jan/2016:13:39:47 +0100] "GET /css/jquery.dataTables.min.css HTTP/1.1" 304 - 0.0005
::1 - - [30/Jan/2016:13:39:47 +0100] "GET /js/vendor/jquery-1.11.2.min.js HTTP/1.1" 304 - 0.0005
::1 - - [30/Jan/2016:13:39:47 +0100] "GET /css/jquery.dataTables.css HTTP/1.1" 304 - 0.0025
::1 - - [30/Jan/2016:13:39:47 +0100] "GET /css/ispinner.css HTTP/1.1" 304 - 0.0010
::1 - - [30/Jan/2016:13:39:47 +0100] "GET /js/vendor/jquery.touchSwipe.min.js HTTP/1.1" 304 - 0.0005
::1 - - [30/Jan/2016:13:39:47 +0100] "GET /js/functions.js HTTP/1.1" 304 - 0.0005
::1 - - [30/Jan/2016:13:39:47 +0100] "GET /js/vendor/dataTables.jqueryui.min.js HTTP/1.1" 304 - 0.0010
::1 - - [30/Jan/2016:13:39:47 +0100] "GET /js/vendor/dataTables.bootstrap.min.js HTTP/1.1" 304 - 0.0010
::1 - - [30/Jan/2016:13:39:47 +0100] "GET /js/vendor/jquery.dataTables.min.js HTTP/1.1" 304 - 0.0005
::1 - - [30/Jan/2016:13:39:47 +0100] "GET /js/main.js HTTP/1.1" 304 - 0.0005
::1 - - [30/Jan/2016:13:39:48 +0100] "GET /images/sort_both.png HTTP/1.1" 304 - 0.0005
::1 - - [30/Jan/2016:13:39:48 +0100] "GET /fonts/glyphicons-halflings-regular.woff HTTP/1.1" 304 - 0.0005
::1 - - [30/Jan/2016:13:39:48 +0100] "GET /images/sort_asc.png HTTP/1.1" 304 - 0.0010
::1 - - [30/Jan/2016:13:40:07 +0100] "GET /contact HTTP/1.1" 200 17793 0.0150
::1 - - [30/Jan/2016:13:40:07 +0100] "GET /css/dataTables.bootstrap.min.css HTTP/1.1" 304 - 0.0010
::1 - - [30/Jan/2016:13:40:07 +0100] "GET /css/dataTables.jqueryui.min.css HTTP/1.1" 304 - 0.0010
::1 - - [30/Jan/2016:13:40:07 +0100] "GET /css/sidebar.css HTTP/1.1" 304 - 0.0010
::1 - - [30/Jan/2016:13:40:07 +0100] "GET /css/bootstrap.min.css HTTP/1.1" 304 - 0.0005
::1 - - [30/Jan/2016:13:40:07 +0100] "GET /css/main.css HTTP/1.1" 304 - 0.0010
::1 - - [30/Jan/2016:13:40:07 +0100] "GET /css/font-awesome.min.css HTTP/1.1" 304 - 0.0005
::1 - - [30/Jan/2016:13:40:07 +0100] "GET /css/jquery.dataTables.css HTTP/1.1" 304 - 0.0005
::1 - - [30/Jan/2016:13:40:07 +0100] "GET /css/jquery.dataTables_themeroller.css HTTP/1.1" 304 - 0.0005
::1 - - [30/Jan/2016:13:40:07 +0100] "GET /js/vendor/bootstrap.min.js HTTP/1.1" 304 - 0.0005
::1 - - [30/Jan/2016:13:40:07 +0100] "GET /js/vendor/jquery-1.11.2.min.js HTTP/1.1" 304 - 0.0010
::1 - - [30/Jan/2016:13:40:07 +0100] "GET /css/jquery.dataTables.min.css HTTP/1.1" 304 - 0.0010
::1 - - [30/Jan/2016:13:40:07 +0100] "GET /css/ispinner.css HTTP/1.1" 304 - 0.0010
::1 - - [30/Jan/2016:13:40:07 +0100] "GET /js/vendor/jquery.touchSwipe.min.js HTTP/1.1" 304 - 0.0010
::1 - - [30/Jan/2016:13:40:07 +0100] "GET /js/vendor/jquery.dataTables.min.js HTTP/1.1" 304 - 0.0005
::1 - - [30/Jan/2016:13:40:07 +0100] "GET /js/vendor/dataTables.bootstrap.min.js HTTP/1.1" 304 - 0.0005
::1 - - [30/Jan/2016:13:40:07 +0100] "GET /js/vendor/dataTables.jqueryui.min.js HTTP/1.1" 304 - 0.0005
::1 - - [30/Jan/2016:13:40:07 +0100] "GET /js/main.js HTTP/1.1" 304 - 0.0005
::1 - - [30/Jan/2016:13:40:07 +0100] "GET /js/functions.js HTTP/1.1" 200 214 0.0010
::1 - - [30/Jan/2016:13:40:07 +0100] "GET /fonts/glyphicons-halflings-regular.woff HTTP/1.1" 304 - 0.0005
::1 - - [30/Jan/2016:13:40:07 +0100] "GET /images/sort_both.png HTTP/1.1" 304 - 0.0010
::1 - - [30/Jan/2016:13:40:07 +0100] "GET /images/sort_asc.png HTTP/1.1" 304 - 0.0010
::1 - - [30/Jan/2016:13:42:01 +0100] "GET /contact HTTP/1.1" 200 17793 0.0175
::1 - - [30/Jan/2016:13:42:01 +0100] "GET /css/bootstrap.min.css HTTP/1.1" 304 - 0.0010
::1 - - [30/Jan/2016:13:42:01 +0100] "GET /css/main.css HTTP/1.1" 304 - 0.0005
::1 - - [30/Jan/2016:13:42:01 +0100] "GET /css/sidebar.css HTTP/1.1" 304 - 0.0010
::1 - - [30/Jan/2016:13:42:01 +0100] "GET /css/jquery.dataTables.css HTTP/1.1" 304 - 0.0015
::1 - - [30/Jan/2016:13:42:01 +0100] "GET /css/font-awesome.min.css HTTP/1.1" 304 - 0.0005
::1 - - [30/Jan/2016:13:42:01 +0100] "GET /css/dataTables.bootstrap.min.css HTTP/1.1" 304 - 0.0005
::1 - - [30/Jan/2016:13:42:01 +0100] "GET /css/jquery.dataTables_themeroller.css HTTP/1.1" 304 - 0.0005
::1 - - [30/Jan/2016:13:42:01 +0100] "GET /css/dataTables.jqueryui.min.css HTTP/1.1" 304 - 0.0005
::1 - - [30/Jan/2016:13:42:01 +0100] "GET /js/vendor/jquery-1.11.2.min.js HTTP/1.1" 304 - 0.0005
::1 - - [30/Jan/2016:13:42:01 +0100] "GET /css/ispinner.css HTTP/1.1" 304 - 0.0005
::1 - - [30/Jan/2016:13:42:01 +0100] "GET /css/jquery.dataTables.min.css HTTP/1.1" 304 - 0.0005
::1 - - [30/Jan/2016:13:42:01 +0100] "GET /js/vendor/jquery.dataTables.min.js HTTP/1.1" 304 - 0.0005
::1 - - [30/Jan/2016:13:42:01 +0100] "GET /js/vendor/bootstrap.min.js HTTP/1.1" 304 - 0.0005
::1 - - [30/Jan/2016:13:42:01 +0100] "GET /js/vendor/dataTables.bootstrap.min.js HTTP/1.1" 304 - 0.0005
::1 - - [30/Jan/2016:13:42:01 +0100] "GET /js/main.js HTTP/1.1" 304 - 0.0010
::1 - - [30/Jan/2016:13:42:01 +0100] "GET /js/vendor/dataTables.jqueryui.min.js HTTP/1.1" 304 - 0.0010
::1 - - [30/Jan/2016:13:42:01 +0100] "GET /js/vendor/jquery.touchSwipe.min.js HTTP/1.1" 304 - 0.0005
::1 - - [30/Jan/2016:13:42:01 +0100] "GET /js/functions.js HTTP/1.1" 200 261 0.0010
::1 - - [30/Jan/2016:13:42:02 +0100] "GET /fonts/glyphicons-halflings-regular.woff HTTP/1.1" 304 - 0.0005
::1 - - [30/Jan/2016:13:42:02 +0100] "GET /images/sort_both.png HTTP/1.1" 304 - 0.0005
::1 - - [30/Jan/2016:13:42:02 +0100] "GET /images/sort_asc.png HTTP/1.1" 304 - 0.0010
::1 - - [30/Jan/2016:13:44:14 +0100] "GET /contact HTTP/1.1" 200 17793 0.0120
::1 - - [30/Jan/2016:13:44:14 +0100] "GET /css/bootstrap.min.css HTTP/1.1" 304 - 0.0010
::1 - - [30/Jan/2016:13:44:14 +0100] "GET /css/main.css HTTP/1.1" 304 - 0.0010
::1 - - [30/Jan/2016:13:44:14 +0100] "GET /css/sidebar.css HTTP/1.1" 304 - 0.0010
::1 - - [30/Jan/2016:13:44:14 +0100] "GET /css/dataTables.bootstrap.min.css HTTP/1.1" 304 - 0.0010
::1 - - [30/Jan/2016:13:44:14 +0100] "GET /css/font-awesome.min.css HTTP/1.1" 304 - 0.0005
::1 - - [30/Jan/2016:13:44:14 +0100] "GET /css/dataTables.jqueryui.min.css HTTP/1.1" 304 - 0.0010
::1 - - [30/Jan/2016:13:44:14 +0100] "GET /css/jquery.dataTables.css HTTP/1.1" 304 - 0.0005
::1 - - [30/Jan/2016:13:44:14 +0100] "GET /css/jquery.dataTables_themeroller.css HTTP/1.1" 304 - 0.0005
::1 - - [30/Jan/2016:13:44:14 +0100] "GET /css/jquery.dataTables.min.css HTTP/1.1" 304 - 0.0005
::1 - - [30/Jan/2016:13:44:14 +0100] "GET /js/vendor/jquery-1.11.2.min.js HTTP/1.1" 304 - 0.0010
::1 - - [30/Jan/2016:13:44:14 +0100] "GET /css/ispinner.css HTTP/1.1" 304 - 0.0020
::1 - - [30/Jan/2016:13:44:14 +0100] "GET /js/vendor/bootstrap.min.js HTTP/1.1" 304 - 0.0010
::1 - - [30/Jan/2016:13:44:14 +0100] "GET /js/vendor/jquery.dataTables.min.js HTTP/1.1" 304 - 0.0005
::1 - - [30/Jan/2016:13:44:14 +0100] "GET /js/vendor/jquery.touchSwipe.min.js HTTP/1.1" 304 - 0.0005
::1 - - [30/Jan/2016:13:44:14 +0100] "GET /js/vendor/dataTables.bootstrap.min.js HTTP/1.1" 304 - 0.0005
::1 - - [30/Jan/2016:13:44:14 +0100] "GET /js/vendor/dataTables.jqueryui.min.js HTTP/1.1" 304 - 0.0005
::1 - - [30/Jan/2016:13:44:14 +0100] "GET /js/main.js HTTP/1.1" 304 - 0.0015
::1 - - [30/Jan/2016:13:44:14 +0100] "GET /js/functions.js HTTP/1.1" 304 - 0.0010
::1 - - [30/Jan/2016:13:44:15 +0100] "GET /fonts/glyphicons-halflings-regular.woff HTTP/1.1" 304 - 0.0005
::1 - - [30/Jan/2016:13:44:15 +0100] "GET /images/sort_both.png HTTP/1.1" 304 - 0.0005
::1 - - [30/Jan/2016:13:44:15 +0100] "GET /images/sort_asc.png HTTP/1.1" 304 - 0.0010
::1 - - [30/Jan/2016:13:44:21 +0100] "GET /contact HTTP/1.1" 200 17793 0.0145
::1 - - [30/Jan/2016:13:44:21 +0100] "GET /css/sidebar.css HTTP/1.1" 304 - 0.0005
::1 - - [30/Jan/2016:13:44:21 +0100] "GET /css/bootstrap.min.css HTTP/1.1" 304 - 0.0005
::1 - - [30/Jan/2016:13:44:21 +0100] "GET /css/dataTables.bootstrap.min.css HTTP/1.1" 304 - 0.0010
::1 - - [30/Jan/2016:13:44:21 +0100] "GET /css/font-awesome.min.css HTTP/1.1" 304 - 0.0005
::1 - - [30/Jan/2016:13:44:21 +0100] "GET /css/dataTables.jqueryui.min.css HTTP/1.1" 304 - 0.0010
::1 - - [30/Jan/2016:13:44:21 +0100] "GET /css/main.css HTTP/1.1" 304 - 0.0010
::1 - - [30/Jan/2016:13:44:21 +0100] "GET /css/ispinner.css HTTP/1.1" 304 - 0.0005
::1 - - [30/Jan/2016:13:44:21 +0100] "GET /css/jquery.dataTables.css HTTP/1.1" 304 - 0.0005
::1 - - [30/Jan/2016:13:44:21 +0100] "GET /css/jquery.dataTables.min.css HTTP/1.1" 304 - 0.0005
::1 - - [30/Jan/2016:13:44:21 +0100] "GET /css/jquery.dataTables_themeroller.css HTTP/1.1" 304 - 0.0010
::1 - - [30/Jan/2016:13:44:21 +0100] "GET /js/vendor/jquery-1.11.2.min.js HTTP/1.1" 304 - 0.0010
::1 - - [30/Jan/2016:13:44:21 +0100] "GET /js/vendor/bootstrap.min.js HTTP/1.1" 304 - 0.0010
::1 - - [30/Jan/2016:13:44:21 +0100] "GET /js/vendor/dataTables.jqueryui.min.js HTTP/1.1" 304 - 0.0005
::1 - - [30/Jan/2016:13:44:21 +0100] "GET /js/vendor/dataTables.bootstrap.min.js HTTP/1.1" 304 - 0.0005
::1 - - [30/Jan/2016:13:44:21 +0100] "GET /js/vendor/jquery.dataTables.min.js HTTP/1.1" 304 - 0.0005
::1 - - [30/Jan/2016:13:44:21 +0100] "GET /js/vendor/jquery.touchSwipe.min.js HTTP/1.1" 304 - 0.0005
::1 - - [30/Jan/2016:13:44:21 +0100] "GET /js/main.js HTTP/1.1" 304 - 0.0015
::1 - - [30/Jan/2016:13:44:21 +0100] "GET /js/functions.js HTTP/1.1" 200 265 0.0020
::1 - - [30/Jan/2016:13:44:21 +0100] "GET /fonts/glyphicons-halflings-regular.woff HTTP/1.1" 304 - 0.0005
::1 - - [30/Jan/2016:13:44:21 +0100] "GET /images/sort_both.png HTTP/1.1" 304 - 0.0005
::1 - - [30/Jan/2016:13:44:21 +0100] "GET /images/sort_asc.png HTTP/1.1" 304 - 0.0010
::1 - - [30/Jan/2016:13:44:58 +0100] "GET /contact HTTP/1.1" 200 17793 0.0135
::1 - - [30/Jan/2016:13:44:58 +0100] "GET /css/bootstrap.min.css HTTP/1.1" 304 - 0.0010
::1 - - [30/Jan/2016:13:44:58 +0100] "GET /css/sidebar.css HTTP/1.1" 304 - 0.0010
::1 - - [30/Jan/2016:13:44:58 +0100] "GET /css/main.css HTTP/1.1" 304 - 0.0005
::1 - - [30/Jan/2016:13:44:58 +0100] "GET /css/font-awesome.min.css HTTP/1.1" 304 - 0.0005
::1 - - [30/Jan/2016:13:44:58 +0100] "GET /css/dataTables.bootstrap.min.css HTTP/1.1" 304 - 0.0005
::1 - - [30/Jan/2016:13:44:58 +0100] "GET /css/dataTables.jqueryui.min.css HTTP/1.1" 304 - 0.0005
::1 - - [30/Jan/2016:13:44:58 +0100] "GET /css/jquery.dataTables_themeroller.css HTTP/1.1" 304 - 0.0005
::1 - - [30/Jan/2016:13:44:58 +0100] "GET /css/jquery.dataTables.css HTTP/1.1" 304 - 0.0005
::1 - - [30/Jan/2016:13:44:58 +0100] "GET /css/jquery.dataTables.min.css HTTP/1.1" 304 - 0.0005
::1 - - [30/Jan/2016:13:44:58 +0100] "GET /css/ispinner.css HTTP/1.1" 304 - 0.0010
::1 - - [30/Jan/2016:13:44:58 +0100] "GET /js/vendor/jquery-1.11.2.min.js HTTP/1.1" 304 - 0.0005
::1 - - [30/Jan/2016:13:44:58 +0100] "GET /js/vendor/bootstrap.min.js HTTP/1.1" 304 - 0.0010
::1 - - [30/Jan/2016:13:44:58 +0100] "GET /js/vendor/jquery.touchSwipe.min.js HTTP/1.1" 304 - 0.0010
::1 - - [30/Jan/2016:13:44:58 +0100] "GET /js/vendor/dataTables.bootstrap.min.js HTTP/1.1" 304 - 0.0005
::1 - - [30/Jan/2016:13:44:58 +0100] "GET /js/vendor/jquery.dataTables.min.js HTTP/1.1" 304 - 0.0005
::1 - - [30/Jan/2016:13:44:58 +0100] "GET /js/vendor/dataTables.jqueryui.min.js HTTP/1.1" 304 - 0.0005
::1 - - [30/Jan/2016:13:44:58 +0100] "GET /js/main.js HTTP/1.1" 304 - 0.0005
::1 - - [30/Jan/2016:13:44:58 +0100] "GET /js/functions.js HTTP/1.1" 200 254 0.0010
::1 - - [30/Jan/2016:13:44:59 +0100] "GET /fonts/glyphicons-halflings-regular.woff HTTP/1.1" 304 - 0.0010
::1 - - [30/Jan/2016:13:44:59 +0100] "GET /images/sort_both.png HTTP/1.1" 304 - 0.0005
::1 - - [30/Jan/2016:13:44:59 +0100] "GET /images/sort_asc.png HTTP/1.1" 304 - 0.0025
::1 - - [30/Jan/2016:13:46:50 +0100] "GET /contact HTTP/1.1" 200 17793 0.0205
::1 - - [30/Jan/2016:13:46:50 +0100] "GET /css/bootstrap.min.css HTTP/1.1" 304 - 0.0010
::1 - - [30/Jan/2016:13:46:50 +0100] "GET /css/main.css HTTP/1.1" 304 - 0.0010
::1 - - [30/Jan/2016:13:46:50 +0100] "GET /css/sidebar.css HTTP/1.1" 304 - 0.0005
::1 - - [30/Jan/2016:13:46:50 +0100] "GET /css/dataTables.bootstrap.min.css HTTP/1.1" 304 - 0.0005
::1 - - [30/Jan/2016:13:46:50 +0100] "GET /css/font-awesome.min.css HTTP/1.1" 304 - 0.0010
::1 - - [30/Jan/2016:13:46:50 +0100] "GET /css/dataTables.jqueryui.min.css HTTP/1.1" 304 - 0.0010
::1 - - [30/Jan/2016:13:46:50 +0100] "GET /css/jquery.dataTables_themeroller.css HTTP/1.1" 304 - 0.0005
::1 - - [30/Jan/2016:13:46:50 +0100] "GET /css/jquery.dataTables.css HTTP/1.1" 304 - 0.0005
::1 - - [30/Jan/2016:13:46:50 +0100] "GET /css/jquery.dataTables.min.css HTTP/1.1" 304 - 0.0005
::1 - - [30/Jan/2016:13:46:50 +0100] "GET /js/vendor/jquery-1.11.2.min.js HTTP/1.1" 304 - 0.0035
::1 - - [30/Jan/2016:13:46:50 +0100] "GET /css/ispinner.css HTTP/1.1" 304 - 0.0005
::1 - - [30/Jan/2016:13:46:50 +0100] "GET /js/vendor/bootstrap.min.js HTTP/1.1" 304 - 0.0005
::1 - - [30/Jan/2016:13:46:50 +0100] "GET /js/vendor/jquery.touchSwipe.min.js HTTP/1.1" 304 - 0.0010
::1 - - [30/Jan/2016:13:46:50 +0100] "GET /js/vendor/jquery.dataTables.min.js HTTP/1.1" 304 - 0.0010
::1 - - [30/Jan/2016:13:46:50 +0100] "GET /js/vendor/dataTables.bootstrap.min.js HTTP/1.1" 304 - 0.0005
::1 - - [30/Jan/2016:13:46:50 +0100] "GET /js/main.js HTTP/1.1" 304 - 0.0010
::1 - - [30/Jan/2016:13:46:50 +0100] "GET /js/vendor/dataTables.jqueryui.min.js HTTP/1.1" 304 - 0.0010
::1 - - [30/Jan/2016:13:46:50 +0100] "GET /js/functions.js HTTP/1.1" 200 299 0.0015
::1 - - [30/Jan/2016:13:46:51 +0100] "GET /images/sort_both.png HTTP/1.1" 304 - 0.0005
::1 - - [30/Jan/2016:13:46:51 +0100] "GET /fonts/glyphicons-halflings-regular.woff HTTP/1.1" 304 - 0.0005
::1 - - [30/Jan/2016:13:46:51 +0100] "GET /images/sort_asc.png HTTP/1.1" 304 - 0.0005
::1 - - [30/Jan/2016:13:50:07 +0100] "GET /contact HTTP/1.1" 200 17793 0.0120
::1 - - [30/Jan/2016:13:50:07 +0100] "GET /css/bootstrap.min.css HTTP/1.1" 304 - 0.0015
::1 - - [30/Jan/2016:13:50:07 +0100] "GET /css/main.css HTTP/1.1" 304 - 0.0010
::1 - - [30/Jan/2016:13:50:07 +0100] "GET /css/font-awesome.min.css HTTP/1.1" 304 - 0.0005
::1 - - [30/Jan/2016:13:50:07 +0100] "GET /css/dataTables.bootstrap.min.css HTTP/1.1" 304 - 0.0005
::1 - - [30/Jan/2016:13:50:07 +0100] "GET /css/dataTables.jqueryui.min.css HTTP/1.1" 304 - 0.0005
::1 - - [30/Jan/2016:13:50:07 +0100] "GET /css/sidebar.css HTTP/1.1" 304 - 0.0010
::1 - - [30/Jan/2016:13:50:07 +0100] "GET /css/jquery.dataTables_themeroller.css HTTP/1.1" 304 - 0.0010
::1 - - [30/Jan/2016:13:50:07 +0100] "GET /css/jquery.dataTables.css HTTP/1.1" 304 - 0.0005
::1 - - [30/Jan/2016:13:50:07 +0100] "GET /css/ispinner.css HTTP/1.1" 304 - 0.0015
::1 - - [30/Jan/2016:13:50:07 +0100] "GET /css/jquery.dataTables.min.css HTTP/1.1" 304 - 0.0005
::1 - - [30/Jan/2016:13:50:07 +0100] "GET /js/vendor/jquery-1.11.2.min.js HTTP/1.1" 304 - 0.0005
::1 - - [30/Jan/2016:13:50:07 +0100] "GET /js/vendor/bootstrap.min.js HTTP/1.1" 304 - 0.0005
::1 - - [30/Jan/2016:13:50:07 +0100] "GET /js/vendor/jquery.touchSwipe.min.js HTTP/1.1" 304 - 0.0005
::1 - - [30/Jan/2016:13:50:07 +0100] "GET /js/vendor/jquery.dataTables.min.js HTTP/1.1" 304 - 0.0010
::1 - - [30/Jan/2016:13:50:07 +0100] "GET /js/vendor/dataTables.bootstrap.min.js HTTP/1.1" 304 - 0.0010
::1 - - [30/Jan/2016:13:50:07 +0100] "GET /js/main.js HTTP/1.1" 304 - 0.0015
::1 - - [30/Jan/2016:13:50:07 +0100] "GET /js/vendor/dataTables.jqueryui.min.js HTTP/1.1" 304 - 0.0015
::1 - - [30/Jan/2016:13:50:07 +0100] "GET /js/functions.js HTTP/1.1" 200 353 0.0015
::1 - - [30/Jan/2016:13:50:07 +0100] "GET /fonts/glyphicons-halflings-regular.woff HTTP/1.1" 304 - 0.0005
::1 - - [30/Jan/2016:13:50:07 +0100] "GET /images/sort_both.png HTTP/1.1" 304 - 0.0005
::1 - - [30/Jan/2016:13:50:07 +0100] "GET /images/sort_asc.png HTTP/1.1" 304 - 0.0010
::1 - - [30/Jan/2016:13:51:19 +0100] "GET /inbox HTTP/1.1" 200 22464 0.0158
::1 - - [30/Jan/2016:13:51:19 +0100] "GET /js/functions.js HTTP/1.1" 304 - 0.0010
::1 - - [30/Jan/2016:13:51:21 +0100] "GET /contact HTTP/1.1" 200 17793 0.0155
